This is pdfTeX, Version 3.14159265-2.6-1.40.16 (TeX Live 2015) (preloaded format=pdflatex 2015.5.24)  10 AUG 2015 22:51
entering extended mode
 restricted \write18 enabled.
 file:line:error style messages enabled.
 %&-line parsing enabled.
**336templateSummer2015.tex
(./336templateSummer2015.tex
LaTeX2e <2015/01/01>
Babel <3.9l> and hyphenation patterns for 79 languages loaded.
(/usr/local/texlive/2015/texmf-dist/tex/latex/IEEEtran/IEEEtran.cls
Document Class: IEEEtran 2014/09/17 V1.8a by Michael Shell
-- See the "IEEEtran_HOWTO" manual for usage information.
-- http://www.michaelshell.org/tex/ieeetran/
\@IEEEtrantmpdimenA=\dimen102
\@IEEEtrantmpdimenB=\dimen103
\@IEEEtrantmpdimenC=\dimen104
\@IEEEtrantmpcountA=\count79
\@IEEEtrantmpcountB=\count80
\@IEEEtrantmpcountC=\count81
\@IEEEtrantmptoksA=\toks14
LaTeX Font Info:    Try loading font information for OT1+ptm on input line 458.

(/usr/local/texlive/2015/texmf-dist/tex/latex/psnfss/ot1ptm.fd
File: ot1ptm.fd 2001/06/04 font definitions for OT1/ptm.
)
-- Using 8.5in x 11in (letter) paper.
-- Using PDF output.
\@IEEEnormalsizeunitybaselineskip=\dimen105
-- This is a 10 point document.
\CLASSINFOnormalsizebaselineskip=\dimen106
\CLASSINFOnormalsizeunitybaselineskip=\dimen107
\IEEEnormaljot=\dimen108
LaTeX Font Info:    Font shape `OT1/ptm/bx/n' in size <5> not available
(Font)              Font shape `OT1/ptm/b/n' tried instead on input line 1039.
LaTeX Font Info:    Font shape `OT1/ptm/bx/it' in size <5> not available
(Font)              Font shape `OT1/ptm/b/it' tried instead on input line 1039.

LaTeX Font Info:    Font shape `OT1/ptm/bx/n' in size <7> not available
(Font)              Font shape `OT1/ptm/b/n' tried instead on input line 1039.
LaTeX Font Info:    Font shape `OT1/ptm/bx/it' in size <7> not available
(Font)              Font shape `OT1/ptm/b/it' tried instead on input line 1039.

LaTeX Font Info:    Font shape `OT1/ptm/bx/n' in size <8> not available
(Font)              Font shape `OT1/ptm/b/n' tried instead on input line 1039.
LaTeX Font Info:    Font shape `OT1/ptm/bx/it' in size <8> not available
(Font)              Font shape `OT1/ptm/b/it' tried instead on input line 1039.

LaTeX Font Info:    Font shape `OT1/ptm/bx/n' in size <9> not available
(Font)              Font shape `OT1/ptm/b/n' tried instead on input line 1039.
LaTeX Font Info:    Font shape `OT1/ptm/bx/it' in size <9> not available
(Font)              Font shape `OT1/ptm/b/it' tried instead on input line 1039.

LaTeX Font Info:    Font shape `OT1/ptm/bx/n' in size <10> not available
(Font)              Font shape `OT1/ptm/b/n' tried instead on input line 1039.
LaTeX Font Info:    Font shape `OT1/ptm/bx/it' in size <10> not available
(Font)              Font shape `OT1/ptm/b/it' tried instead on input line 1039.

LaTeX Font Info:    Font shape `OT1/ptm/bx/n' in size <11> not available
(Font)              Font shape `OT1/ptm/b/n' tried instead on input line 1039.
LaTeX Font Info:    Font shape `OT1/ptm/bx/it' in size <11> not available
(Font)              Font shape `OT1/ptm/b/it' tried instead on input line 1039.

LaTeX Font Info:    Font shape `OT1/ptm/bx/n' in size <12> not available
(Font)              Font shape `OT1/ptm/b/n' tried instead on input line 1039.
LaTeX Font Info:    Font shape `OT1/ptm/bx/it' in size <12> not available
(Font)              Font shape `OT1/ptm/b/it' tried instead on input line 1039.

LaTeX Font Info:    Font shape `OT1/ptm/bx/n' in size <17> not available
(Font)              Font shape `OT1/ptm/b/n' tried instead on input line 1039.
LaTeX Font Info:    Font shape `OT1/ptm/bx/it' in size <17> not available
(Font)              Font shape `OT1/ptm/b/it' tried instead on input line 1039.

LaTeX Font Info:    Font shape `OT1/ptm/bx/n' in size <20> not available
(Font)              Font shape `OT1/ptm/b/n' tried instead on input line 1039.
LaTeX Font Info:    Font shape `OT1/ptm/bx/it' in size <20> not available
(Font)              Font shape `OT1/ptm/b/it' tried instead on input line 1039.

LaTeX Font Info:    Font shape `OT1/ptm/bx/n' in size <24> not available
(Font)              Font shape `OT1/ptm/b/n' tried instead on input line 1039.
LaTeX Font Info:    Font shape `OT1/ptm/bx/it' in size <24> not available
(Font)              Font shape `OT1/ptm/b/it' tried instead on input line 1039.

\IEEEquantizedlength=\dimen109
\IEEEquantizedlengthdiff=\dimen110
\IEEEquantizedtextheightdiff=\dimen111
\IEEEilabelindentA=\dimen112
\IEEEilabelindentB=\dimen113
\IEEEilabelindent=\dimen114
\IEEEelabelindent=\dimen115
\IEEEdlabelindent=\dimen116
\IEEElabelindent=\dimen117
\IEEEiednormlabelsep=\dimen118
\IEEEiedmathlabelsep=\dimen119
\IEEEiedtopsep=\skip41
\c@section=\count82
\c@subsection=\count83
\c@subsubsection=\count84
\c@paragraph=\count85
\c@IEEEsubequation=\count86
\abovecaptionskip=\skip42
\belowcaptionskip=\skip43
\c@figure=\count87
\c@table=\count88
\@IEEEeqnnumcols=\count89
\@IEEEeqncolcnt=\count90
\@IEEEsubeqnnumrollback=\count91
\@IEEEquantizeheightA=\dimen120
\@IEEEquantizeheightB=\dimen121
\@IEEEquantizeheightC=\dimen122
\@IEEEquantizeprevdepth=\dimen123
\@IEEEquantizemultiple=\count92
\@IEEEquantizeboxA=\box26
\@IEEEtmpitemindent=\dimen124
\c@IEEEbiography=\count93
\@IEEEtranrubishbin=\box27
) (/usr/local/texlive/2015/texmf-dist/tex/latex/graphics/graphicx.sty
Package: graphicx 2014/10/28 v1.0g Enhanced LaTeX Graphics (DPC,SPQR)

(/usr/local/texlive/2015/texmf-dist/tex/latex/graphics/keyval.sty
Package: keyval 2014/10/28 v1.15 key=value parser (DPC)
\KV@toks@=\toks15
)
(/usr/local/texlive/2015/texmf-dist/tex/latex/graphics/graphics.sty
Package: graphics 2014/10/28 v1.0p Standard LaTeX Graphics (DPC,SPQR)

(/usr/local/texlive/2015/texmf-dist/tex/latex/graphics/trig.sty
Package: trig 1999/03/16 v1.09 sin cos tan (DPC)
)
(/usr/local/texlive/2015/texmf-dist/tex/latex/latexconfig/graphics.cfg
File: graphics.cfg 2010/04/23 v1.9 graphics configuration of TeX Live
)
Package graphics Info: Driver file: pdftex.def on input line 94.

(/usr/local/texlive/2015/texmf-dist/tex/latex/pdftex-def/pdftex.def
File: pdftex.def 2011/05/27 v0.06d Graphics/color for pdfTeX

(/usr/local/texlive/2015/texmf-dist/tex/generic/oberdiek/infwarerr.sty
Package: infwarerr 2010/04/08 v1.3 Providing info/warning/error messages (HO)
)
(/usr/local/texlive/2015/texmf-dist/tex/generic/oberdiek/ltxcmds.sty
Package: ltxcmds 2011/11/09 v1.22 LaTeX kernel commands for general use (HO)
)
\Gread@gobject=\count94
))
\Gin@req@height=\dimen125
\Gin@req@width=\dimen126
)
(/usr/local/texlive/2015/texmf-dist/tex/latex/amsmath/amsmath.sty
Package: amsmath 2013/01/14 v2.14 AMS math features
\@mathmargin=\skip44

For additional information on amsmath, use the `?' option.
(/usr/local/texlive/2015/texmf-dist/tex/latex/amsmath/amstext.sty
Package: amstext 2000/06/29 v2.01

(/usr/local/texlive/2015/texmf-dist/tex/latex/amsmath/amsgen.sty
File: amsgen.sty 1999/11/30 v2.0
\@emptytoks=\toks16
\ex@=\dimen127
))
(/usr/local/texlive/2015/texmf-dist/tex/latex/amsmath/amsbsy.sty
Package: amsbsy 1999/11/29 v1.2d
\pmbraise@=\dimen128
)
(/usr/local/texlive/2015/texmf-dist/tex/latex/amsmath/amsopn.sty
Package: amsopn 1999/12/14 v2.01 operator names
)
\inf@bad=\count95
LaTeX Info: Redefining \frac on input line 210.
\uproot@=\count96
\leftroot@=\count97
LaTeX Info: Redefining \overline on input line 306.
\classnum@=\count98
\DOTSCASE@=\count99
LaTeX Info: Redefining \ldots on input line 378.
LaTeX Info: Redefining \dots on input line 381.
LaTeX Info: Redefining \cdots on input line 466.
\Mathstrutbox@=\box28
\strutbox@=\box29
\big@size=\dimen129
LaTeX Font Info:    Redeclaring font encoding OML on input line 566.
LaTeX Font Info:    Redeclaring font encoding OMS on input line 567.
\macc@depth=\count100
\c@MaxMatrixCols=\count101
\dotsspace@=\muskip10
\c@parentequation=\count102
\dspbrk@lvl=\count103
\tag@help=\toks17
\row@=\count104
\column@=\count105
\maxfields@=\count106
\andhelp@=\toks18
\eqnshift@=\dimen130
\alignsep@=\dimen131
\tagshift@=\dimen132
\tagwidth@=\dimen133
\totwidth@=\dimen134
\lineht@=\dimen135
\@envbody=\toks19
\multlinegap=\skip45
\multlinetaggap=\skip46
\mathdisplay@stack=\toks20
LaTeX Info: Redefining \[ on input line 2665.
LaTeX Info: Redefining \] on input line 2666.
)
(/usr/local/texlive/2015/texmf-dist/tex/latex/subfigure/subfigure.sty
Package: subfigure 2002/03/15 v2.1.5 subfigure package
\subfigtopskip=\skip47
\subfigcapskip=\skip48
\subfigcaptopadj=\dimen136
\subfigbottomskip=\skip49
\subfigcapmargin=\dimen137
\subfiglabelskip=\skip50
\c@subfigure=\count107
\c@lofdepth=\count108
\c@subtable=\count109
\c@lotdepth=\count110

****************************************
* Local config file subfigure.cfg used *
****************************************
(/usr/local/texlive/2015/texmf-dist/tex/latex/subfigure/subfigure.cfg)
\subfig@top=\skip51
\subfig@bottom=\skip52
)
(/usr/local/texlive/2015/texmf-dist/tex/latex/pdfpages/pdfpages.sty
Package: pdfpages 2015/05/11 v0.4x Insert pages of external PDF documents (AM)

(/usr/local/texlive/2015/texmf-dist/tex/latex/base/ifthen.sty
Package: ifthen 2014/09/29 v1.1c Standard LaTeX ifthen package (DPC)
)
(/usr/local/texlive/2015/texmf-dist/tex/latex/tools/calc.sty
Package: calc 2014/10/28 v4.3 Infix arithmetic (KKT,FJ)
\calc@Acount=\count111
\calc@Bcount=\count112
\calc@Adimen=\dimen138
\calc@Bdimen=\dimen139
\calc@Askip=\skip53
\calc@Bskip=\skip54
LaTeX Info: Redefining \setlength on input line 80.
LaTeX Info: Redefining \addtolength on input line 81.
\calc@Ccount=\count113
\calc@Cskip=\skip55
)
(/usr/local/texlive/2015/texmf-dist/tex/latex/eso-pic/eso-pic.sty
Package: eso-pic 2015/04/20 v2.0e eso-pic (RN)

(/usr/local/texlive/2015/texmf-dist/tex/generic/oberdiek/atbegshi.sty
Package: atbegshi 2011/10/05 v1.16 At begin shipout hook (HO)

(/usr/local/texlive/2015/texmf-dist/tex/generic/oberdiek/ifpdf.sty
Package: ifpdf 2011/01/30 v2.3 Provides the ifpdf switch (HO)
Package ifpdf Info: pdfTeX in PDF mode is detected.
))
(/usr/local/texlive/2015/texmf-dist/tex/latex/xcolor/xcolor.sty
Package: xcolor 2007/01/21 v2.11 LaTeX color extensions (UK)

(/usr/local/texlive/2015/texmf-dist/tex/latex/latexconfig/color.cfg
File: color.cfg 2007/01/18 v1.5 color configuration of teTeX/TeXLive
)
Package xcolor Info: Driver file: pdftex.def on input line 225.
Package xcolor Info: Model `cmy' substituted by `cmy0' on input line 1337.
Package xcolor Info: Model `hsb' substituted by `rgb' on input line 1341.
Package xcolor Info: Model `RGB' extended on input line 1353.
Package xcolor Info: Model `HTML' substituted by `rgb' on input line 1355.
Package xcolor Info: Model `Hsb' substituted by `hsb' on input line 1356.
Package xcolor Info: Model `tHsb' substituted by `hsb' on input line 1357.
Package xcolor Info: Model `HSB' substituted by `hsb' on input line 1358.
Package xcolor Info: Model `Gray' substituted by `gray' on input line 1359.
Package xcolor Info: Model `wave' substituted by `hsb' on input line 1360.
))
\AM@pagewidth=\dimen140
\AM@pageheight=\dimen141

(/usr/local/texlive/2015/texmf-dist/tex/latex/pdfpages/pppdftex.def
File: pppdftex.def 2015/05/11 v0.4x Pdfpages driver for pdfTeX (AM)
)
\AM@pagebox=\box30
\AM@toc@title=\toks21
\c@AM@survey=\count114
\AM@templatesizebox=\box31
)
(/usr/local/texlive/2015/texmf-dist/tex/latex/algorithm2e/algorithm2e.sty
Package: algorithm2e 2013/01/06 v5.00 algorithms environments
\c@AlgoLine=\count115

(/usr/local/texlive/2015/texmf-dist/tex/latex/tools/xspace.sty
Package: xspace 2014/10/28 v1.13 Space after command names (DPC,MH)
)
(/usr/local/texlive/2015/texmf-dist/tex/latex/relsize/relsize.sty
Package: relsize 2013/03/29 ver 4.1
)
********************************************************
Package `algorithm2e' Release 5.0 -- january 06 2013 --
- algorithm2e-announce@lirmm.fr mailing list for announcement about releases
- algorithm2e-discussion@lirmm.fr mailing list for discussion about package
subscribe by emailing sympa@lirmm.fr with 'subscribe <list> <firstname name>'
- Author: Christophe Fiorio (cfiorio@um2.fr)
********************************************************
\skiptotal=\skip56
\skiplinenumber=\skip57
\skiprule=\skip58
\skiphlne=\skip59
\skiptext=\skip60
\skiplength=\skip61
\algomargin=\skip62
\skipalgocfslide=\skip63
\algowidth=\dimen142
\inoutsize=\dimen143
\inoutindent=\dimen144
\interspacetitleruled=\dimen145
\interspacealgoruled=\dimen146
\interspacetitleboxruled=\dimen147
\algocf@inoutbox=\box32
\algocf@inputbox=\box33
\AlCapSkip=\skip64
\AlCapHSkip=\skip65
\algoskipindent=\skip66
\algocf@nlbox=\box34
\algocf@hangingbox=\box35
\algocf@untilbox=\box36
\algocf@skipuntil=\skip67
\algocf@capbox=\box37
\algoheightruledefault=\skip68
\algoheightrule=\skip69
\algotitleheightruledefault=\skip70
\algotitleheightrule=\skip71
\c@algocfline=\count116
\c@algocfproc=\count117
\c@algocf=\count118
\algocf@algoframe=\box38
\algocf@algobox=\box39
) (/usr/local/texlive/2015/texmf-dist/tex/latex/base/inputenc.sty
Package: inputenc 2015/03/17 v1.2c Input encoding file
\inpenc@prehook=\toks22
\inpenc@posthook=\toks23

(/usr/local/texlive/2015/texmf-dist/tex/latex/base/latin1.def
File: latin1.def 2015/03/17 v1.2c Input encoding file
))
(/usr/local/texlive/2015/texmf-dist/tex/latex/pgf/frontendlayer/tikz.sty
(/usr/local/texlive/2015/texmf-dist/tex/latex/pgf/basiclayer/pgf.sty
(/usr/local/texlive/2015/texmf-dist/tex/latex/pgf/utilities/pgfrcs.sty
(/usr/local/texlive/2015/texmf-dist/tex/generic/pgf/utilities/pgfutil-common.te
x
\pgfutil@everybye=\toks24
\pgfutil@tempdima=\dimen148
\pgfutil@tempdimb=\dimen149

(/usr/local/texlive/2015/texmf-dist/tex/generic/pgf/utilities/pgfutil-common-li
sts.tex))
(/usr/local/texlive/2015/texmf-dist/tex/generic/pgf/utilities/pgfutil-latex.def
\pgfutil@abb=\box40
(/usr/local/texlive/2015/texmf-dist/tex/latex/ms/everyshi.sty
Package: everyshi 2001/05/15 v3.00 EveryShipout Package (MS)
))
(/usr/local/texlive/2015/texmf-dist/tex/generic/pgf/utilities/pgfrcs.code.tex
Package: pgfrcs 2013/12/20 v3.0.0 (rcs-revision 1.28)
))
Package: pgf 2013/12/18 v3.0.0 (rcs-revision 1.14)
(/usr/local/texlive/2015/texmf-dist/tex/latex/pgf/basiclayer/pgfcore.sty
(/usr/local/texlive/2015/texmf-dist/tex/latex/pgf/systemlayer/pgfsys.sty
(/usr/local/texlive/2015/texmf-dist/tex/generic/pgf/systemlayer/pgfsys.code.tex
Package: pgfsys 2013/11/30 v3.0.0 (rcs-revision 1.47)
(/usr/local/texlive/2015/texmf-dist/tex/generic/pgf/utilities/pgfkeys.code.tex
\pgfkeys@pathtoks=\toks25
\pgfkeys@temptoks=\toks26

(/usr/local/texlive/2015/texmf-dist/tex/generic/pgf/utilities/pgfkeysfiltered.c
ode.tex
\pgfkeys@tmptoks=\toks27
))
\pgf@x=\dimen150
\pgf@y=\dimen151
\pgf@xa=\dimen152
\pgf@ya=\dimen153
\pgf@xb=\dimen154
\pgf@yb=\dimen155
\pgf@xc=\dimen156
\pgf@yc=\dimen157
\w@pgf@writea=\write3
\r@pgf@reada=\read1
\c@pgf@counta=\count119
\c@pgf@countb=\count120
\c@pgf@countc=\count121
\c@pgf@countd=\count122
\t@pgf@toka=\toks28
\t@pgf@tokb=\toks29
\t@pgf@tokc=\toks30

(/usr/local/texlive/2015/texmf-dist/tex/generic/pgf/systemlayer/pgf.cfg
File: pgf.cfg 2008/05/14  (rcs-revision 1.7)
)
Driver file for pgf: pgfsys-pdftex.def

(/usr/local/texlive/2015/texmf-dist/tex/generic/pgf/systemlayer/pgfsys-pdftex.d
ef
File: pgfsys-pdftex.def 2013/07/18  (rcs-revision 1.33)

(/usr/local/texlive/2015/texmf-dist/tex/generic/pgf/systemlayer/pgfsys-common-p
df.def
File: pgfsys-common-pdf.def 2013/10/10  (rcs-revision 1.13)
)))
(/usr/local/texlive/2015/texmf-dist/tex/generic/pgf/systemlayer/pgfsyssoftpath.
code.tex
File: pgfsyssoftpath.code.tex 2013/09/09  (rcs-revision 1.9)
\pgfsyssoftpath@smallbuffer@items=\count123
\pgfsyssoftpath@bigbuffer@items=\count124
)
(/usr/local/texlive/2015/texmf-dist/tex/generic/pgf/systemlayer/pgfsysprotocol.
code.tex
File: pgfsysprotocol.code.tex 2006/10/16  (rcs-revision 1.4)
))
(/usr/local/texlive/2015/texmf-dist/tex/generic/pgf/basiclayer/pgfcore.code.tex
Package: pgfcore 2010/04/11 v3.0.0 (rcs-revision 1.7)
(/usr/local/texlive/2015/texmf-dist/tex/generic/pgf/math/pgfmath.code.tex
(/usr/local/texlive/2015/texmf-dist/tex/generic/pgf/math/pgfmathcalc.code.tex
(/usr/local/texlive/2015/texmf-dist/tex/generic/pgf/math/pgfmathutil.code.tex)
(/usr/local/texlive/2015/texmf-dist/tex/generic/pgf/math/pgfmathparser.code.tex
\pgfmath@dimen=\dimen158
\pgfmath@count=\count125
\pgfmath@box=\box41
\pgfmath@toks=\toks31
\pgfmath@stack@operand=\toks32
\pgfmath@stack@operation=\toks33
)
(/usr/local/texlive/2015/texmf-dist/tex/generic/pgf/math/pgfmathfunctions.code.
tex
(/usr/local/texlive/2015/texmf-dist/tex/generic/pgf/math/pgfmathfunctions.basic
.code.tex)
(/usr/local/texlive/2015/texmf-dist/tex/generic/pgf/math/pgfmathfunctions.trigo
nometric.code.tex)
(/usr/local/texlive/2015/texmf-dist/tex/generic/pgf/math/pgfmathfunctions.rando
m.code.tex)
(/usr/local/texlive/2015/texmf-dist/tex/generic/pgf/math/pgfmathfunctions.compa
rison.code.tex)
(/usr/local/texlive/2015/texmf-dist/tex/generic/pgf/math/pgfmathfunctions.base.
code.tex)
(/usr/local/texlive/2015/texmf-dist/tex/generic/pgf/math/pgfmathfunctions.round
.code.tex)
(/usr/local/texlive/2015/texmf-dist/tex/generic/pgf/math/pgfmathfunctions.misc.
code.tex)
(/usr/local/texlive/2015/texmf-dist/tex/generic/pgf/math/pgfmathfunctions.integ
erarithmetics.code.tex)))
(/usr/local/texlive/2015/texmf-dist/tex/generic/pgf/math/pgfmathfloat.code.tex
\c@pgfmathroundto@lastzeros=\count126
))
(/usr/local/texlive/2015/texmf-dist/tex/generic/pgf/basiclayer/pgfcorepoints.co
de.tex
File: pgfcorepoints.code.tex 2013/10/07  (rcs-revision 1.27)
\pgf@picminx=\dimen159
\pgf@picmaxx=\dimen160
\pgf@picminy=\dimen161
\pgf@picmaxy=\dimen162
\pgf@pathminx=\dimen163
\pgf@pathmaxx=\dimen164
\pgf@pathminy=\dimen165
\pgf@pathmaxy=\dimen166
\pgf@xx=\dimen167
\pgf@xy=\dimen168
\pgf@yx=\dimen169
\pgf@yy=\dimen170
\pgf@zx=\dimen171
\pgf@zy=\dimen172
)
(/usr/local/texlive/2015/texmf-dist/tex/generic/pgf/basiclayer/pgfcorepathconst
ruct.code.tex
File: pgfcorepathconstruct.code.tex 2013/10/07  (rcs-revision 1.29)
\pgf@path@lastx=\dimen173
\pgf@path@lasty=\dimen174
)
(/usr/local/texlive/2015/texmf-dist/tex/generic/pgf/basiclayer/pgfcorepathusage
.code.tex
File: pgfcorepathusage.code.tex 2013/12/13  (rcs-revision 1.23)
\pgf@shorten@end@additional=\dimen175
\pgf@shorten@start@additional=\dimen176
)
(/usr/local/texlive/2015/texmf-dist/tex/generic/pgf/basiclayer/pgfcorescopes.co
de.tex
File: pgfcorescopes.code.tex 2013/10/09  (rcs-revision 1.44)
\pgfpic=\box42
\pgf@hbox=\box43
\pgf@layerbox@main=\box44
\pgf@picture@serial@count=\count127
)
(/usr/local/texlive/2015/texmf-dist/tex/generic/pgf/basiclayer/pgfcoregraphicst
ate.code.tex
File: pgfcoregraphicstate.code.tex 2013/09/19  (rcs-revision 1.11)
\pgflinewidth=\dimen177
)
(/usr/local/texlive/2015/texmf-dist/tex/generic/pgf/basiclayer/pgfcoretransform
ations.code.tex
File: pgfcoretransformations.code.tex 2013/10/10  (rcs-revision 1.17)
\pgf@pt@x=\dimen178
\pgf@pt@y=\dimen179
\pgf@pt@temp=\dimen180
)
(/usr/local/texlive/2015/texmf-dist/tex/generic/pgf/basiclayer/pgfcorequick.cod
e.tex
File: pgfcorequick.code.tex 2008/10/09  (rcs-revision 1.3)
)
(/usr/local/texlive/2015/texmf-dist/tex/generic/pgf/basiclayer/pgfcoreobjects.c
ode.tex
File: pgfcoreobjects.code.tex 2006/10/11  (rcs-revision 1.2)
)
(/usr/local/texlive/2015/texmf-dist/tex/generic/pgf/basiclayer/pgfcorepathproce
ssing.code.tex
File: pgfcorepathprocessing.code.tex 2013/09/09  (rcs-revision 1.9)
)
(/usr/local/texlive/2015/texmf-dist/tex/generic/pgf/basiclayer/pgfcorearrows.co
de.tex
File: pgfcorearrows.code.tex 2013/11/07  (rcs-revision 1.40)
\pgfarrowsep=\dimen181
)
(/usr/local/texlive/2015/texmf-dist/tex/generic/pgf/basiclayer/pgfcoreshade.cod
e.tex
File: pgfcoreshade.code.tex 2013/07/15  (rcs-revision 1.15)
\pgf@max=\dimen182
\pgf@sys@shading@range@num=\count128
)
(/usr/local/texlive/2015/texmf-dist/tex/generic/pgf/basiclayer/pgfcoreimage.cod
e.tex
File: pgfcoreimage.code.tex 2013/07/15  (rcs-revision 1.18)

(/usr/local/texlive/2015/texmf-dist/tex/generic/pgf/basiclayer/pgfcoreexternal.
code.tex
File: pgfcoreexternal.code.tex 2013/07/15  (rcs-revision 1.20)
\pgfexternal@startupbox=\box45
))
(/usr/local/texlive/2015/texmf-dist/tex/generic/pgf/basiclayer/pgfcorelayers.co
de.tex
File: pgfcorelayers.code.tex 2013/07/18  (rcs-revision 1.7)
)
(/usr/local/texlive/2015/texmf-dist/tex/generic/pgf/basiclayer/pgfcoretranspare
ncy.code.tex
File: pgfcoretransparency.code.tex 2013/09/30  (rcs-revision 1.5)
)
(/usr/local/texlive/2015/texmf-dist/tex/generic/pgf/basiclayer/pgfcorepatterns.
code.tex
File: pgfcorepatterns.code.tex 2013/11/07  (rcs-revision 1.5)
)))
(/usr/local/texlive/2015/texmf-dist/tex/generic/pgf/modules/pgfmoduleshapes.cod
e.tex
File: pgfmoduleshapes.code.tex 2013/10/31  (rcs-revision 1.34)
\pgfnodeparttextbox=\box46
)
(/usr/local/texlive/2015/texmf-dist/tex/generic/pgf/modules/pgfmoduleplot.code.
tex
File: pgfmoduleplot.code.tex 2013/07/31  (rcs-revision 1.12)
)
(/usr/local/texlive/2015/texmf-dist/tex/latex/pgf/compatibility/pgfcomp-version
-0-65.sty
Package: pgfcomp-version-0-65 2007/07/03 v3.0.0 (rcs-revision 1.7)
\pgf@nodesepstart=\dimen183
\pgf@nodesepend=\dimen184
)
(/usr/local/texlive/2015/texmf-dist/tex/latex/pgf/compatibility/pgfcomp-version
-1-18.sty
Package: pgfcomp-version-1-18 2007/07/23 v3.0.0 (rcs-revision 1.1)
))
(/usr/local/texlive/2015/texmf-dist/tex/latex/pgf/utilities/pgffor.sty
(/usr/local/texlive/2015/texmf-dist/tex/latex/pgf/utilities/pgfkeys.sty
(/usr/local/texlive/2015/texmf-dist/tex/generic/pgf/utilities/pgfkeys.code.tex)
) (/usr/local/texlive/2015/texmf-dist/tex/latex/pgf/math/pgfmath.sty
(/usr/local/texlive/2015/texmf-dist/tex/generic/pgf/math/pgfmath.code.tex))
(/usr/local/texlive/2015/texmf-dist/tex/generic/pgf/utilities/pgffor.code.tex
Package: pgffor 2013/12/13 v3.0.0 (rcs-revision 1.25)

(/usr/local/texlive/2015/texmf-dist/tex/generic/pgf/math/pgfmath.code.tex)
\pgffor@iter=\dimen185
\pgffor@skip=\dimen186
\pgffor@stack=\toks34
\pgffor@toks=\toks35
))
(/usr/local/texlive/2015/texmf-dist/tex/generic/pgf/frontendlayer/tikz/tikz.cod
e.tex
Package: tikz 2013/12/13 v3.0.0 (rcs-revision 1.142)

(/usr/local/texlive/2015/texmf-dist/tex/generic/pgf/libraries/pgflibraryplothan
dlers.code.tex
File: pgflibraryplothandlers.code.tex 2013/08/31 v3.0.0 (rcs-revision 1.20)
\pgf@plot@mark@count=\count129
\pgfplotmarksize=\dimen187
)
\tikz@lastx=\dimen188
\tikz@lasty=\dimen189
\tikz@lastxsaved=\dimen190
\tikz@lastysaved=\dimen191
\tikzleveldistance=\dimen192
\tikzsiblingdistance=\dimen193
\tikz@figbox=\box47
\tikz@figbox@bg=\box48
\tikz@tempbox=\box49
\tikz@tempbox@bg=\box50
\tikztreelevel=\count130
\tikznumberofchildren=\count131
\tikznumberofcurrentchild=\count132
\tikz@fig@count=\count133

(/usr/local/texlive/2015/texmf-dist/tex/generic/pgf/modules/pgfmodulematrix.cod
e.tex
File: pgfmodulematrix.code.tex 2013/09/17  (rcs-revision 1.8)
\pgfmatrixcurrentrow=\count134
\pgfmatrixcurrentcolumn=\count135
\pgf@matrix@numberofcolumns=\count136
)
\tikz@expandcount=\count137

(/usr/local/texlive/2015/texmf-dist/tex/generic/pgf/frontendlayer/tikz/librarie
s/tikzlibrarytopaths.code.tex
File: tikzlibrarytopaths.code.tex 2008/06/17 v3.0.0 (rcs-revision 1.2)
)))
(/usr/local/texlive/2015/texmf-dist/tex/generic/pgf/frontendlayer/tikz/librarie
s/tikzlibraryshapes.code.tex
File: tikzlibraryshapes.code.tex 2008/01/09 v3.0.0 (rcs-revision 1.1)

(/usr/local/texlive/2015/texmf-dist/tex/generic/pgf/frontendlayer/tikz/librarie
s/tikzlibraryshapes.geometric.code.tex
File: tikzlibraryshapes.geometric.code.tex 2008/01/09 v3.0.0 (rcs-revision 1.1)


(/usr/local/texlive/2015/texmf-dist/tex/generic/pgf/libraries/shapes/pgflibrary
shapes.geometric.code.tex
File: pgflibraryshapes.geometric.code.tex 2008/06/26 v3.0.0 (rcs-revision 1.1)
))
(/usr/local/texlive/2015/texmf-dist/tex/generic/pgf/frontendlayer/tikz/librarie
s/tikzlibraryshapes.misc.code.tex
File: tikzlibraryshapes.misc.code.tex 2008/01/09 v3.0.0 (rcs-revision 1.1)

(/usr/local/texlive/2015/texmf-dist/tex/generic/pgf/libraries/shapes/pgflibrary
shapes.misc.code.tex
File: pgflibraryshapes.misc.code.tex 2013/07/18 v3.0.0 (rcs-revision 1.5)
))
(/usr/local/texlive/2015/texmf-dist/tex/generic/pgf/frontendlayer/tikz/librarie
s/tikzlibraryshapes.symbols.code.tex
File: tikzlibraryshapes.symbols.code.tex 2008/01/09 v3.0.0 (rcs-revision 1.1)

(/usr/local/texlive/2015/texmf-dist/tex/generic/pgf/libraries/shapes/pgflibrary
shapes.symbols.code.tex
File: pgflibraryshapes.symbols.code.tex 2013/09/11 v3.0.0 (rcs-revision 1.6)
))
(/usr/local/texlive/2015/texmf-dist/tex/generic/pgf/frontendlayer/tikz/librarie
s/tikzlibraryshapes.arrows.code.tex
File: tikzlibraryshapes.arrows.code.tex 2008/01/09 v3.0.0 (rcs-revision 1.1)

(/usr/local/texlive/2015/texmf-dist/tex/generic/pgf/libraries/shapes/pgflibrary
shapes.arrows.code.tex
File: pgflibraryshapes.arrows.code.tex 2008/06/26 v3.0.0 (rcs-revision 1.1)
))
(/usr/local/texlive/2015/texmf-dist/tex/generic/pgf/frontendlayer/tikz/librarie
s/tikzlibraryshapes.callouts.code.tex
(/usr/local/texlive/2015/texmf-dist/tex/generic/pgf/libraries/shapes/pgflibrary
shapes.callouts.code.tex))
(/usr/local/texlive/2015/texmf-dist/tex/generic/pgf/frontendlayer/tikz/librarie
s/tikzlibraryshapes.multipart.code.tex
File: tikzlibraryshapes.multipart.code.tex 2008/01/09 v3.0.0 (rcs-revision 1.1)


(/usr/local/texlive/2015/texmf-dist/tex/generic/pgf/libraries/shapes/pgflibrary
shapes.multipart.code.tex
File: pgflibraryshapes.multipart.code.tex 2010/01/07 v3.0.0 (rcs-revision 1.2)
\pgfnodepartlowerbox=\box51
\pgfnodeparttwobox=\box52
\pgfnodepartthreebox=\box53
\pgfnodepartfourbox=\box54
\pgfnodeparttwentybox=\box55
\pgfnodepartnineteenbox=\box56
\pgfnodeparteighteenbox=\box57
\pgfnodepartseventeenbox=\box58
\pgfnodepartsixteenbox=\box59
\pgfnodepartfifteenbox=\box60
\pgfnodepartfourteenbox=\box61
\pgfnodepartthirteenbox=\box62
\pgfnodeparttwelvebox=\box63
\pgfnodepartelevenbox=\box64
\pgfnodeparttenbox=\box65
\pgfnodepartninebox=\box66
\pgfnodeparteightbox=\box67
\pgfnodepartsevenbox=\box68
\pgfnodepartsixbox=\box69
\pgfnodepartfivebox=\box70
)))
(/usr/local/texlive/2015/texmf-dist/tex/generic/pgf/frontendlayer/tikz/librarie
s/tikzlibraryarrows.code.tex
File: tikzlibraryarrows.code.tex 2008/01/09 v3.0.0 (rcs-revision 1.1)

(/usr/local/texlive/2015/texmf-dist/tex/generic/pgf/libraries/pgflibraryarrows.
code.tex
File: pgflibraryarrows.code.tex 2013/09/23 v3.0.0 (rcs-revision 1.16)
\arrowsize=\dimen194
))
\c@property=\count138
\c@proposition=\count139
\c@theorem=\count140
\c@conjecture=\count141
\c@question=\count142
\c@definition=\count143
\c@corollary=\count144
 (./336templateSummer2015.aux)
\openout1 = `336templateSummer2015.aux'.

LaTeX Font Info:    Checking defaults for OML/cmm/m/it on input line 64.
LaTeX Font Info:    ... okay on input line 64.
LaTeX Font Info:    Checking defaults for T1/cmr/m/n on input line 64.
LaTeX Font Info:    ... okay on input line 64.
LaTeX Font Info:    Checking defaults for OT1/cmr/m/n on input line 64.
LaTeX Font Info:    ... okay on input line 64.
LaTeX Font Info:    Checking defaults for OMS/cmsy/m/n on input line 64.
LaTeX Font Info:    ... okay on input line 64.
LaTeX Font Info:    Checking defaults for OMX/cmex/m/n on input line 64.
LaTeX Font Info:    ... okay on input line 64.
LaTeX Font Info:    Checking defaults for U/cmr/m/n on input line 64.
LaTeX Font Info:    ... okay on input line 64.

-- Lines per column: 56 (exact).
(/usr/local/texlive/2015/texmf-dist/tex/context/base/supp-pdf.mkii
[Loading MPS to PDF converter (version 2006.09.02).]
\scratchcounter=\count145
\scratchdimen=\dimen195
\scratchbox=\box71
\nofMPsegments=\count146
\nofMParguments=\count147
\everyMPshowfont=\toks36
\MPscratchCnt=\count148
\MPscratchDim=\dimen196
\MPnumerator=\count149
\makeMPintoPDFobject=\count150
\everyMPtoPDFconversion=\toks37
) (/usr/local/texlive/2015/texmf-dist/tex/generic/oberdiek/pdftexcmds.sty
Package: pdftexcmds 2011/11/29 v0.20 Utility functions of pdfTeX for LuaTeX (HO
)

(/usr/local/texlive/2015/texmf-dist/tex/generic/oberdiek/ifluatex.sty
Package: ifluatex 2010/03/01 v1.3 Provides the ifluatex switch (HO)
Package ifluatex Info: LuaTeX not detected.
)
Package pdftexcmds Info: LuaTeX not detected.
Package pdftexcmds Info: \pdf@primitive is available.
Package pdftexcmds Info: \pdf@ifprimitive is available.
Package pdftexcmds Info: \pdfdraftmode found.
)
(/usr/local/texlive/2015/texmf-dist/tex/latex/oberdiek/epstopdf-base.sty
Package: epstopdf-base 2010/02/09 v2.5 Base part for package epstopdf

(/usr/local/texlive/2015/texmf-dist/tex/latex/oberdiek/grfext.sty
Package: grfext 2010/08/19 v1.1 Manage graphics extensions (HO)

(/usr/local/texlive/2015/texmf-dist/tex/generic/oberdiek/kvdefinekeys.sty
Package: kvdefinekeys 2011/04/07 v1.3 Define keys (HO)
))
(/usr/local/texlive/2015/texmf-dist/tex/latex/oberdiek/kvoptions.sty
Package: kvoptions 2011/06/30 v3.11 Key value format for package options (HO)

(/usr/local/texlive/2015/texmf-dist/tex/generic/oberdiek/kvsetkeys.sty
Package: kvsetkeys 2012/04/25 v1.16 Key value parser (HO)

(/usr/local/texlive/2015/texmf-dist/tex/generic/oberdiek/etexcmds.sty
Package: etexcmds 2011/02/16 v1.5 Avoid name clashes with e-TeX commands (HO)
Package etexcmds Info: Could not find \expanded.
(etexcmds)             That can mean that you are not using pdfTeX 1.50 or
(etexcmds)             that some package has redefined \expanded.
(etexcmds)             In the latter case, load this package earlier.
)))
Package grfext Info: Graphics extension search list:
(grfext)             [.pdf,.jpeg,.png,.eps]
(grfext)             \AppendGraphicsExtensions on input line 452.

(/usr/local/texlive/2015/texmf-dist/tex/latex/latexconfig/epstopdf-sys.cfg
File: epstopdf-sys.cfg 2010/07/13 v1.3 Configuration of (r)epstopdf for TeX Liv
e
))
\AtBeginShipoutBox=\box72

ABD: EveryShipout initializing macros (./Stage1.tex
LaTeX Font Info:    External font `cmex10' loaded for size
(Font)              <7> on input line 131.
LaTeX Font Info:    External font `cmex10' loaded for size
(Font)              <5> on input line 131.

Underfull \hbox (badness 1874) in paragraph at lines 131--131
[]\OT1/ptm/m/n/10 System Data Out-put for Sce-nario1:  userid,
 []


Underfull \vbox (badness 6396) has occurred while \output is active []

 [1{/usr/local/texlive/2015/texmf-var/fonts/map/pdftex/updmap/pdftex.map}


] [2])
(./Stage2.tex <movie-director.png, id=18, 867.24pt x 487.8225pt>
File: movie-director.png Graphic file (type png)

<use movie-director.png>
Package pdftex.def Info: movie-director.png used on input line 127.
(pdftex.def)             Requested size: 260.17401pt x 146.34787pt.

Overfull \hbox (28.2713pt too wide) in paragraph at lines 127--127
[][]
 []

<MovieofShowing.png, id=19, 867.24pt x 505.89pt>
File: MovieofShowing.png Graphic file (type png)
 <use MovieofShowing.png>
Package pdftex.def Info: MovieofShowing.png used on input line 127.
(pdftex.def)             Requested size: 260.17401pt x 151.76816pt.

Overfull \hbox (28.2713pt too wide) in paragraph at lines 127--127
[][]
 []


Underfull \vbox (badness 1377) has occurred while \output is active []


<ShowingPlayedinTheatre.png, id=20, 867.24pt x 487.8225pt>
File: ShowingPlayedinTheatre.png Graphic file (type png)

<use ShowingPlayedinTheatre.png>
Package pdftex.def Info: ShowingPlayedinTheatre.png used on input line 127.
(pdftex.def)             Requested size: 260.17401pt x 146.34787pt.

Overfull \hbox (28.2713pt too wide) in paragraph at lines 127--127
[][]
 []

<MoviegoerrateShowing.png, id=21, 867.24pt x 487.8225pt>
File: MoviegoerrateShowing.png Graphic file (type png)

<use MoviegoerrateShowing.png>
Package pdftex.def Info: MoviegoerrateShowing.png used on input line 127.
(pdftex.def)             Requested size: 260.17401pt x 146.34787pt.

Overfull \hbox (28.2713pt too wide) in paragraph at lines 127--127
[][]
 []

<MoviegoerhasticketShowing.png, id=22, 867.24pt x 487.8225pt>
File: MoviegoerhasticketShowing.png Graphic file (type png)

<use MoviegoerhasticketShowing.png>
Package pdftex.def Info: MoviegoerhasticketShowing.png used on input line 127.
(pdftex.def)             Requested size: 260.17401pt x 146.34787pt.

Overfull \hbox (28.2713pt too wide) in paragraph at lines 127--127
[][]
 []


Underfull \hbox (badness 3907) in paragraph at lines 127--127
\OT1/ptm/m/n/10 ex-pla-na-tion re-lated to user sce-nario: This ternary
 []


Underfull \hbox (badness 1558) in paragraph at lines 127--127
\OT1/ptm/m/n/10 show-ing . For the ticket seller sce-nario, he/she is
 []


Underfull \vbox (badness 10000) has occurred while \output is active []

 [3 <./movie-director.png> <./MovieofShowing.png> <./ShowingPlayedinTheatre.png
> <./MoviegoerrateShowing.png>] <TheatrehasEmployee.png, id=26, 867.24pt x 487.
8225pt>
File: TheatrehasEmployee.png Graphic file (type png)

<use TheatrehasEmployee.png>
Package pdftex.def Info: TheatrehasEmployee.png used on input line 127.
(pdftex.def)             Requested size: 260.17401pt x 146.34787pt.

Overfull \hbox (28.2713pt too wide) in paragraph at lines 127--127
[][]
 []


Underfull \hbox (badness 10000) in paragraph at lines 127--127
\OT1/ptm/m/n/10 ex-pla-na-tion re-lated to user sce-nario: many
 []


Underfull \hbox (badness 1502) in paragraph at lines 127--127
\OT1/ptm/m/n/10 ticket seller, chain man-ager, show-ing man-ager, and
 []

<theatremanagergovern.png, id=27, 867.24pt x 487.8225pt>
File: theatremanagergovern.png Graphic file (type png)

<use theatremanagergovern.png>
Package pdftex.def Info: theatremanagergovern.png used on input line 127.
(pdftex.def)             Requested size: 260.17401pt x 146.34787pt.

Overfull \hbox (28.2713pt too wide) in paragraph at lines 127--127
[][]
 []

<isA.png, id=28, 867.24pt x 487.8225pt>
File: isA.png Graphic file (type png)
 <use isA.png>
Package pdftex.def Info: isA.png used on input line 127.
(pdftex.def)             Requested size: 260.17401pt x 146.34787pt.

<superior.png, id=29, 867.24pt x 487.8225pt>
File: superior.png Graphic file (type png)
 <use superior.png>
Package pdftex.def Info: superior.png used on input line 127.
(pdftex.def)             Requested size: 260.17401pt x 146.34787pt.

<supervise.png, id=30, 867.24pt x 487.8225pt>
File: supervise.png Graphic file (type png)
 <use supervise.png>
Package pdftex.def Info: supervise.png used on input line 127.
(pdftex.def)             Requested size: 260.17401pt x 146.34787pt.

Overfull \hbox (28.2713pt too wide) in paragraph at lines 127--127
[][]
 []


Underfull \hbox (badness 10000) in paragraph at lines 127--127
\OT1/ptm/m/n/10 ex-pla-na-tion re-lated to user sce-nario: ticket
 []


Underfull \hbox (badness 10000) in paragraph at lines 127--127
\OT1/ptm/m/n/10 seller, chain man-ager, show-ing man-ager,
 []


Underfull \hbox (badness 10000) in paragraph at lines 127--127
\OT1/ptm/m/n/10 and the-ater man-ager are dif-fer-ent types of
 []


Underfull \hbox (badness 7326) in paragraph at lines 127--127
\OT1/ptm/m/n/10 em-ployee. Each of them has dif-fer-ent au-thor-ity
 []


Overfull \hbox (28.2713pt too wide) in paragraph at lines 127--127
[]
 []


Overfull \hbox (28.2713pt too wide) in paragraph at lines 127--127
[]
 []


Underfull \vbox (badness 10000) has occurred while \output is active []


<ERmodel.png, id=31, 867.24pt x 487.8225pt>
File: ERmodel.png Graphic file (type png)
 <use ERmodel.png>
Package pdftex.def Info: ERmodel.png used on input line 127.
(pdftex.def)             Requested size: 260.17401pt x 146.34787pt.

Underfull \hbox (badness 10000) in paragraph at lines 127--127
[]\OT1/ptm/m/n/10 The ER di-a-gram in its en-tirety:
 []


Overfull \hbox (28.2713pt too wide) in paragraph at lines 127--127
[] 
 []


Underfull \vbox (badness 10000) has occurred while \output is active []

 [4 <./MoviegoerhasticketShowing.png> <./TheatrehasEmployee.png> <./theatremana
gergovern.png> <./isA.png> <./superior.png> <./supervise.png>]
Underfull \vbox (badness 10000) has occurred while \output is active []

 [5 <./ERmodel.png>]) (./Stage3.tex <tables.pdf, id=38, 614.295pt x 794.97pt>
File: tables.pdf Graphic file (type pdf)

<use tables.pdf>
Package pdftex.def Info: tables.pdf used on input line 196.
(pdftex.def)             Requested size: 614.29349pt x 794.96806pt.
File: tables.pdf Graphic file (type pdf)
 <use tables.pdf>
Package pdftex.def Info: tables.pdf used on input line 196.
(pdftex.def)             Requested size: 614.29349pt x 794.96806pt.
File: tables.pdf Graphic file (type pdf)
 <use tables.pdf>
Package pdftex.def Info: tables.pdf used on input line 196.
(pdftex.def)             Requested size: 614.29349pt x 794.96806pt.
File: tables.pdf Graphic file (type pdf)
 <use tables.pdf>
Package pdftex.def Info: tables.pdf used on input line 196.
(pdftex.def)             Requested size: 614.29349pt x 794.96806pt.

<tables.pdf, id=43, page=1, 614.295pt x 794.97pt>
File: tables.pdf Graphic file (type pdf)
 <use tables.pdf, page 1>
Package pdftex.def Info: tables.pdf, page1 used on input line 196.
(pdftex.def)             Requested size: 614.29349pt x 794.96806pt.
File: tables.pdf Graphic file (type pdf)

<use tables.pdf, page 1>
Package pdftex.def Info: tables.pdf, page1 used on input line 196.
(pdftex.def)             Requested size: 614.58406pt x 795.3441pt.
File: tables.pdf Graphic file (type pdf)
 <use tables.pdf, page 1>
Package pdftex.def Info: tables.pdf, page1 used on input line 196.
(pdftex.def)             Requested size: 614.58406pt x 795.3441pt.
File: tables.pdf Graphic file (type pdf)
 <use tables.pdf, page 1>
Package pdftex.def Info: tables.pdf, page1 used on input line 196.
(pdftex.def)             Requested size: 614.58406pt x 795.3441pt.

[6] <tables.pdf, id=47, page=2, 614.295pt x 794.97pt>
File: tables.pdf Graphic file (type pdf)
 <use tables.pdf, page 2>
Package pdftex.def Info: tables.pdf, page2 used on input line 196.
(pdftex.def)             Requested size: 614.58406pt x 795.3441pt.
File: tables.pdf Graphic file (type pdf)

<use tables.pdf, page 2>
Package pdftex.def Info: tables.pdf, page2 used on input line 196.
(pdftex.def)             Requested size: 614.58406pt x 795.3441pt.
File: tables.pdf Graphic file (type pdf)
 <use tables.pdf, page 1>
Package pdftex.def Info: tables.pdf, page1 used on input line 196.
(pdftex.def)             Requested size: 614.58406pt x 795.3441pt.
 [7 <./tables.pdf>]
<tables.pdf, id=73, page=3, 614.295pt x 794.97pt>
File: tables.pdf Graphic file (type pdf)
 <use tables.pdf, page 3>
Package pdftex.def Info: tables.pdf, page3 used on input line 196.
(pdftex.def)             Requested size: 614.58406pt x 795.3441pt.
File: tables.pdf Graphic file (type pdf)

<use tables.pdf, page 3>
Package pdftex.def Info: tables.pdf, page3 used on input line 196.
(pdftex.def)             Requested size: 614.58406pt x 795.3441pt.
File: tables.pdf Graphic file (type pdf)
 <use tables.pdf, page 2>
Package pdftex.def Info: tables.pdf, page2 used on input line 196.
(pdftex.def)             Requested size: 614.58406pt x 795.3441pt.
 [8 <./tables.pdf>]
File: tables.pdf Graphic file (type pdf)

<use tables.pdf, page 3>
Package pdftex.def Info: tables.pdf, page3 used on input line 196.
(pdftex.def)             Requested size: 614.58406pt x 795.3441pt.
 [9 <./tables.pdf>] [10]
<moviegoertable.png, id=104, 397.485pt x 165.61874pt>
File: moviegoertable.png Graphic file (type png)
 <use moviegoertable.png>
Package pdftex.def Info: moviegoertable.png used on input line 196.
(pdftex.def)             Requested size: 119.24641pt x 49.686pt.

Underfull \hbox (badness 10000) in paragraph at lines 196--196
[]\OT1/ptm/m/n/10 The SQL state-ment to cre-ate the ta-ble:
 []

<usercount.png, id=105, 353.32pt x 120.45pt>
File: usercount.png Graphic file (type png)
 <use usercount.png>
Package pdftex.def Info: usercount.png used on input line 196.
(pdftex.def)             Requested size: 105.99681pt x 36.13527pt.

<moviegoerview.png, id=106, 627.34375pt x 223.83624pt>
File: moviegoerview.png Graphic file (type png)
 <use moviegoerview.png>
Package pdftex.def Info: moviegoerview.png used on input line 196.
(pdftex.def)             Requested size: 188.20457pt x 67.15138pt.

Underfull \hbox (badness 10000) in paragraph at lines 196--196
[]\OT1/ptm/m/n/10 The Data Ac-cess/update Con-straint:
 []

<seniormoviegoer.png, id=107, 493.845pt x 159.59625pt>
File: seniormoviegoer.png Graphic file (type png)

<use seniormoviegoer.png>
Package pdftex.def Info: seniormoviegoer.png used on input line 196.
(pdftex.def)             Requested size: 148.15463pt x 47.87923pt.

Underfull \hbox (badness 10000) in paragraph at lines 196--196
[]\OT1/ptm/m/n/10 The Data Ac-cess/update Con-straint:
 []

<tables1.png, id=108, 601.24625pt x 264.99pt>
File: tables1.png Graphic file (type png)
 <use tables1.png>
Package pdftex.def Info: tables1.png used on input line 196.
(pdftex.def)             Requested size: 180.37526pt x 79.4976pt.

Underfull \hbox (badness 10000) in paragraph at lines 196--196
[]\OT1/ptm/m/n/10 The SQL state-ment to cre-ate the ta-ble:
 []

<moviecount.png, id=109, 383.4325pt x 141.52875pt>
File: moviecount.png Graphic file (type png)
 <use moviecount.png>
Package pdftex.def Info: moviecount.png used on input line 196.
(pdftex.def)             Requested size: 115.03062pt x 42.45894pt.

<tables2.png, id=110, 515.9275pt x 627.34375pt>
File: tables2.png Graphic file (type png)
 <use tables2.png>
Package pdftex.def Info: tables2.png used on input line 196.
(pdftex.def)             Requested size: 154.77943pt x 188.20457pt.

Underfull \hbox (badness 10000) in paragraph at lines 196--196
[]\OT1/ptm/m/n/10 The SQL state-ment to cre-ate the ta-ble:
 []

[11 <./moviegoertable.png> <./usercount.png> <./moviegoerview.png> <./seniormov
iegoer.png> <./tables1.png> <./moviecount.png> <./tables2.png>]
<create.png, id=114, 613.29124pt x 141.52875pt>
File: create.png Graphic file (type png)
 <use create.png>
Package pdftex.def Info: create.png used on input line 196.
(pdftex.def)             Requested size: 183.98878pt x 42.45894pt.

<create1.png, id=115, 640.3925pt x 129.48375pt>
File: create1.png Graphic file (type png)
 <use create1.png>
Package pdftex.def Info: create1.png used on input line 196.
(pdftex.def)             Requested size: 192.11923pt x 38.84541pt.

<emptables.png, id=116, 644.4075pt x 82.3075pt>
File: emptables.png Graphic file (type png)
 <use emptables.png>
Package pdftex.def Info: emptables.png used on input line 196.
(pdftex.def)             Requested size: 193.32373pt x 24.69243pt.

Underfull \hbox (badness 10000) in paragraph at lines 196--196
[]\OT1/ptm/m/n/10 The SQL state-ment to cre-ate the ta-ble:
 []


Underfull \hbox (badness 10000) in paragraph at lines 196--196
[]
 []


Underfull \hbox (badness 10000) in paragraph at lines 196--196
[]
 []

<sqlstatementempw.png, id=117, 624.3325pt x 99.37125pt>
File: sqlstatementempw.png Graphic file (type png)

<use sqlstatementempw.png>
Package pdftex.def Info: sqlstatementempw.png used on input line 196.
(pdftex.def)             Requested size: 187.3012pt x 29.8116pt.
 <theaterM.png, id=118, 640.3925pt x 93.34875pt>
File: theaterM.png Graphic file (type png)

<use theaterM.png>
Package pdftex.def Info: theaterM.png used on input line 196.
(pdftex.def)             Requested size: 192.11923pt x 28.00484pt.

Underfull \hbox (badness 10000) in paragraph at lines 196--196
[]\OT1/ptm/m/n/10 The SQL state-ment to cre-ate the ta-ble:
 []


Underfull \hbox (badness 10000) in paragraph at lines 196--196
[]
 []

<forTheaterManager.png, id=119, 636.3775pt x 250.9375pt>
File: forTheaterManager.png Graphic file (type png)

<use forTheaterManager.png>
Package pdftex.def Info: forTheaterManager.png used on input line 196.
(pdftex.def)             Requested size: 190.91472pt x 75.28181pt.

Underfull \hbox (badness 10000) in paragraph at lines 196--196
[]\OT1/ptm/m/n/10 The Data Ac-cess/update Con-straint:
 []

<last2tables.png, id=120, 627.34375pt x 192.72pt>
File: last2tables.png Graphic file (type png)
 <use last2tables.png>
Package pdftex.def Info: last2tables.png used on input line 196.
(pdftex.def)             Requested size: 188.20457pt x 57.81644pt.

Underfull \hbox (badness 10000) in paragraph at lines 196--196
[]\OT1/ptm/m/n/10 The SQL state-ment to cre-ate the ta-ble:
 []

) (./Stage4.tex <insert1.png, id=121, 609.27625pt x 59.22125pt>
File: insert1.png Graphic file (type png)

<use insert1.png>
Package pdftex.def Info: insert1.png used on input line 268.
(pdftex.def)             Requested size: 182.78427pt x 17.7665pt.
 <describemovie.png, id=122, 648.4225pt x 280.04625pt>
File: describemovie.png Graphic file (type png)

<use describemovie.png>
Package pdftex.def Info: describemovie.png used on input line 268.
(pdftex.def)             Requested size: 194.52824pt x 84.01451pt.

Underfull \hbox (badness 10000) in paragraph at lines 268--268
[]\OT1/ptm/m/n/10 The header of the ta-ble (all at-tributes):
 []

[12 <./create.png> <./create1.png> <./emptables.png> <./sqlstatementempw.png> <
./theaterM.png> <./forTheaterManager.png> <./last2tables.png> <./insert1.png>]
<insert2.png, id=126, 523.9575pt x 115.43124pt>
File: insert2.png Graphic file (type png)
 <use insert2.png>
Package pdftex.def Info: insert2.png used on input line 268.
(pdftex.def)             Requested size: 157.18846pt x 34.62962pt.

<desshowing.png, id=127, 621.32124pt x 280.04625pt>
File: desshowing.png Graphic file (type png)
 <use desshowing.png>
Package pdftex.def Info: desshowing.png used on input line 268.
(pdftex.def)             Requested size: 186.39781pt x 84.01451pt.

Underfull \hbox (badness 10000) in paragraph at lines 268--268
[]\OT1/ptm/m/n/10 The header of the ta-ble (all at-tributes):
 []

<IC.png, id=128, 599.23875pt x 105.39375pt>
File: IC.png Graphic file (type png)
 <use IC.png>
Package pdftex.def Info: IC.png used on input line 268.
(pdftex.def)             Requested size: 179.77301pt x 31.61836pt.

<m.png, id=129, 514.92375pt x 182.6825pt>
File: m.png Graphic file (type png)
 <use m.png>
Package pdftex.def Info: m.png used on input line 268.
(pdftex.def)             Requested size: 154.4783pt x 54.80516pt.

Underfull \hbox (badness 10000) in paragraph at lines 268--268
\OT1/ptm/m/n/10 ing(showID,sTime,sDate,price,movieID,theaterID)
 []

<sql.png, id=130, 433.62pt x 55.20625pt>
File: sql.png Graphic file (type png)
 <use sql.png>
Package pdftex.def Info: sql.png used on input line 268.
(pdftex.def)             Requested size: 130.087pt x 16.562pt.

<mm.png, id=131, 523.9575pt x 120.45pt>
File: mm.png Graphic file (type png)
 <use mm.png>
Package pdftex.def Info: mm.png used on input line 268.
(pdftex.def)             Requested size: 157.18846pt x 36.13527pt.

Underfull \hbox (badness 10000) in paragraph at lines 268--268
[]\OT1/ptm/m/n/10 The header of the ta-ble (all at-tributes):
 []

[13 <./describemovie.png> <./insert2.png> <./desshowing.png> <./IC.png> <./m.pn
g (PNG copy)> <./sql.png> <./mm.png (PNG copy)>]
<insertData.png, id=136, 461.725pt x 102.3825pt>
File: insertData.png Graphic file (type png)
 <use insertData.png>
Package pdftex.def Info: insertData.png used on input line 268.
(pdftex.def)             Requested size: 138.51857pt x 30.71498pt.

<moviegoerdescribe.png, id=137, 632.3625pt x 168.63pt>
File: moviegoerdescribe.png Graphic file (type png)

<use moviegoerdescribe.png>
Package pdftex.def Info: moviegoerdescribe.png used on input line 268.
(pdftex.def)             Requested size: 189.7102pt x 50.58939pt.

Underfull \hbox (badness 10000) in paragraph at lines 268--268
[]\OT1/ptm/m/n/10 The header of the ta-ble (all at-tributes):
 []

<ICC.png, id=138, 516.93124pt x 54.2025pt>
File: ICC.png Graphic file (type png)
 <use ICC.png>
Package pdftex.def Info: ICC.png used on input line 268.
(pdftex.def)             Requested size: 155.08057pt x 16.26086pt.

<rate.png, id=139, 557.08125pt x 182.6825pt>
File: rate.png Graphic file (type png)
 <use rate.png>
Package pdftex.def Info: rate.png used on input line 268.
(pdftex.def)             Requested size: 167.12566pt x 54.80516pt.

Underfull \hbox (badness 10000) in paragraph at lines 268--268
[]\OT1/ptm/m/n/10 The header of the ta-ble (all at-tributes):
 []


Underfull \vbox (badness 10000) has occurred while \output is active []

File: describemovie.png Graphic file (type png)

<use describemovie.png>
Package pdftex.def Info: describemovie.png used on input line 268.
(pdftex.def)             Requested size: 194.52824pt x 84.01451pt.

Underfull \hbox (badness 10000) in paragraph at lines 268--268
[]\OT1/ptm/m/n/10 The ta-ble header (all at-tributes):
 []

File: desshowing.png Graphic file (type png)
<use desshowing.png>
Package pdftex.def Info: desshowing.png used on input line 268.
(pdftex.def)             Requested size: 186.39781pt x 84.01451pt.

Underfull \hbox (badness 10000) in paragraph at lines 268--268
[]\OT1/ptm/m/n/10 The ta-ble header (all at-tributes):
 []

[14 <./insertData.png> <./moviegoerdescribe.png> <./ICC.png> <./rate.png>]
<director.png, id=143, 503.8825pt x 125.46875pt>
File: director.png Graphic file (type png)
 <use director.png>
Package pdftex.def Info: director.png used on input line 268.
(pdftex.def)             Requested size: 151.16591pt x 37.6409pt.

Underfull \hbox (badness 10000) in paragraph at lines 268--268
[]\OT1/ptm/m/n/10 The ta-ble header (all at-tributes):
 []

File: rate.png Graphic file (type png)
<use rate.png>
Package pdftex.def Info: rate.png used on input line 268.
(pdftex.def)             Requested size: 167.12566pt x 54.80516pt.

Underfull \hbox (badness 10000) in paragraph at lines 268--268
[]\OT1/ptm/m/n/10 The ta-ble header (all at-tributes):
 []

<VIEWMOVIEGOER.png, id=144, 555.07375pt x 128.48pt>
File: VIEWMOVIEGOER.png Graphic file (type png)
 <use VIEWMOVIEGOER.png>
Package pdftex.def Info: VIEWMOVIEGOER.png used on input line 268.
(pdftex.def)             Requested size: 166.52339pt x 38.54428pt.

<trigger2.png, id=145, 245.91875pt x 70.2625pt>
File: trigger2.png Graphic file (type png)
 <use trigger2.png>
Package pdftex.def Info: trigger2.png used on input line 268.
(pdftex.def)             Requested size: 73.77618pt x 21.0789pt.
File: describemovie.png Graphic file (type png)

<use describemovie.png>
Package pdftex.def Info: describemovie.png used on input line 268.
(pdftex.def)             Requested size: 194.52824pt x 84.01451pt.

Underfull \hbox (badness 10000) in paragraph at lines 268--268
[]\OT1/ptm/m/n/10 The ta-ble header (all at-tributes):
 []

File: desshowing.png Graphic file (type png)
<use desshowing.png>
Package pdftex.def Info: desshowing.png used on input line 268.
(pdftex.def)             Requested size: 186.39781pt x 84.01451pt.

Underfull \hbox (badness 10000) in paragraph at lines 268--268
[]\OT1/ptm/m/n/10 The ta-ble header (all at-tributes):
 []

File: director.png Graphic file (type png)
<use director.png>
Package pdftex.def Info: director.png used on input line 268.
(pdftex.def)             Requested size: 151.16591pt x 37.6409pt.

Underfull \hbox (badness 10000) in paragraph at lines 268--268
[]\OT1/ptm/m/n/10 The ta-ble header (all at-tributes):
 []

File: moviegoerdescribe.png Graphic file (type png)
<use moviegoerdescribe.png>
Package pdftex.def Info: moviegoerdescribe.png used on input line 268.
(pdftex.def)             Requested size: 189.7102pt x 50.58939pt.

Underfull \hbox (badness 10000) in paragraph at lines 268--268
[]\OT1/ptm/m/n/10 The ta-ble header (all at-tributes):
 []

<hasticket.png, id=146, 422.57875pt x 134.5025pt>
File: hasticket.png Graphic file (type png)
 <use hasticket.png>
Package pdftex.def Info: hasticket.png used on input line 268.
(pdftex.def)             Requested size: 126.7746pt x 40.35104pt.

Underfull \hbox (badness 10000) in paragraph at lines 268--268
[]\OT1/ptm/m/n/10 The ta-ble header (all at-tributes):
 []

<VIEWTHEATER.png, id=147, 580.1675pt x 182.6825pt>
File: VIEWTHEATER.png Graphic file (type png)
 <use VIEWTHEATER.png>
Package pdftex.def Info: VIEWTHEATER.png used on input line 268.
(pdftex.def)             Requested size: 174.05157pt x 54.80516pt.

<trigger1.png, id=148, 258.9675pt x 74.2775pt>
File: trigger1.png Graphic file (type png)
 <use trigger1.png>
Package pdftex.def Info: trigger1.png used on input line 268.
(pdftex.def)             Requested size: 77.69084pt x 22.28342pt.
)
(./Highlights.tex
Underfull \vbox (badness 10000) has occurred while \output is active []

 [15 <./director.png> <./VIEWMOVIEGOER.png> <./trigger2.png> <./hasticket.png> 
<./VIEWTHEATER.png> <./trigger1.png>])

** Conference Paper **
Before submitting the final camera ready copy, remember to:

 1. Manually equalize the lengths of two columns on the last page
 of your paper;

 2. Ensure that any PostScript and/or PDF output post-processing
 uses only Type 1 fonts and that every step in the generation
 process uses the appropriate paper size.

[16

] (./336templateSummer2015.aux)

LaTeX Warning: Label(s) may have changed. Rerun to get cross-references right.

 ) 
Here is how much of TeX's memory you used:
 17619 strings out of 493089
 361904 string characters out of 6134842
 494967 words of memory out of 5000000
 20737 multiletter control sequences out of 15000+600000
 35192 words of font info for 64 fonts, out of 8000000 for 9000
 1141 hyphenation exceptions out of 8191
 55i,18n,67p,821b,538s stack positions out of 5000i,500n,10000p,200000b,80000s
{/usr/local/texlive/2015/texmf-dist/fonts/enc/dvips/base/8r.enc}</usr/local/t
exlive/2015/texmf-dist/fonts/type1/public/amsfonts/cm/cmsy10.pfb></usr/local/te
xlive/2015/texmf-dist/fonts/type1/public/amsfonts/cm/cmsy7.pfb></usr/local/texl
ive/2015/texmf-dist/fonts/type1/urw/times/utmb8a.pfb></usr/local/texlive/2015/t
exmf-dist/fonts/type1/urw/times/utmbi8a.pfb></usr/local/texlive/2015/texmf-dist
/fonts/type1/urw/times/utmr8a.pfb></usr/local/texlive/2015/texmf-dist/fonts/typ
e1/urw/times/utmri8a.pfb>
Output written on 336templateSummer2015.pdf (16 pages, 945617 bytes).
PDF statistics:
 177 PDF objects out of 1000 (max. 8388607)
 87 compressed objects within 1 object stream
 0 named destinations out of 1000 (max. 500000)
 268 words of extra memory for PDF output out of 10000 (max. 10000000)

