This is pdfTeX, Version 3.1415926-2.5-1.40.14 (MiKTeX 2.9) (preloaded format=pdflatex 2015.4.19)  28 JUN 2015 15:16
entering extended mode
**Highlights.tex
(C:\Users\Oliver\Desktop\homework\StudentTemplates\Highlights.tex
LaTeX2e <2011/06/27>
Babel <v3.8m> and hyphenation patterns for english, afrikaans, ancientgreek, ar
abic, armenian, assamese, basque, bengali, bokmal, bulgarian, catalan, coptic, 
croatian, czech, danish, dutch, esperanto, estonian, farsi, finnish, french, ga
lician, german, german-x-2013-05-26, greek, gujarati, hindi, hungarian, iceland
ic, indonesian, interlingua, irish, italian, kannada, kurmanji, latin, latvian,
 lithuanian, malayalam, marathi, mongolian, mongolianlmc, monogreek, ngerman, n
german-x-2013-05-26, nynorsk, oriya, panjabi, pinyin, polish, portuguese, roman
ian, russian, sanskrit, serbian, slovak, slovenian, spanish, swedish, swissgerm
an, tamil, telugu, turkish, turkmen, ukenglish, ukrainian, uppersorbian, usengl
ishmax, welsh, loaded.

! LaTeX Error: Missing \begin{document}.

See the LaTeX manual or LaTeX Companion for explanation.
Type  H <return>  for immediate help.
 ...                                              
                                                  
l.39 }
      
You're in trouble here.  Try typing  <return>  to proceed.
If that doesn't work, type  X <return>  to quit.


Overfull \hbox (20.0pt too wide) in paragraph at lines 39--39
[] 
 []


Overfull \hbox (13.05559pt too wide) in paragraph at lines 39--39
\OT1/cmr/m/n/10 All
 []


Overfull \hbox (13.88892pt too wide) in paragraph at lines 39--39
\OT1/cmr/m/n/10 the
 []


Overfull \hbox (11.69444pt too wide) in paragraph at lines 39--39
\OT1/cmr/m/n/10 re-
 []


Overfull \hbox (21.66672pt too wide) in paragraph at lines 39--39
\OT1/cmr/m/n/10 lated
 []


Overfull \hbox (27.30559pt too wide) in paragraph at lines 39--39
\OT1/cmr/m/n/10 source
 []


Overfull \hbox (19.72226pt too wide) in paragraph at lines 39--39
\OT1/cmr/m/n/10 code
 []


Overfull \hbox (28.38896pt too wide) in paragraph at lines 39--39
\OT1/cmr/m/n/10 should
 []


Overfull \hbox (15.02782pt too wide) in paragraph at lines 39--39
\OT1/cmr/m/n/10 run
 []


Overfull \hbox (10.55559pt too wide) in paragraph at lines 39--39
\OT1/cmr/m/n/10 on
 []


Overfull \hbox (13.88892pt too wide) in paragraph at lines 39--39
\OT1/cmr/m/n/10 the
 []


Overfull \hbox (16.94449pt too wide) in paragraph at lines 39--39
\OT1/cmr/m/n/10 Ilab
 []


Overfull \hbox (16.6667pt too wide) in paragraph at lines 39--39
\OT1/cmr/m/n/10 ma-
 []


Overfull \hbox (29.22226pt too wide) in paragraph at lines 39--39
\OT1/cmr/m/n/10 chines,
 []


Overfull \hbox (16.11116pt too wide) in paragraph at lines 39--39
\OT1/cmr/m/n/10 and
 []


Overfull \hbox (28.38896pt too wide) in paragraph at lines 39--39
\OT1/cmr/m/n/10 should
 []


Overfull \hbox (10.2778pt too wide) in paragraph at lines 39--39
\OT1/cmr/m/n/10 be
 []


Overfull \hbox (11.66669pt too wide) in paragraph at lines 39--39
\OT1/cmr/m/n/10 in-
 []


Overfull \hbox (28.33339pt too wide) in paragraph at lines 39--39
\OT1/cmr/m/n/10 cluded
 []


Overfull \hbox (19.44449pt too wide) in paragraph at lines 39--39
\OT1/cmr/m/n/10 with
 []


Overfull \hbox (19.47227pt too wide) in paragraph at lines 39--39
\OT1/cmr/m/n/10 your
 []


Overfull \hbox (18.38892pt too wide) in paragraph at lines 39--39
\OT1/cmr/m/n/10 sub-
 []


Overfull \hbox (18.38892pt too wide) in paragraph at lines 39--39
\OT1/cmr/m/n/10 mis-
 []


Overfull \hbox (17.27782pt too wide) in paragraph at lines 39--39
\OT1/cmr/m/n/10 sion
 []


Overfull \hbox (23.3334pt too wide) in paragraph at lines 39--39
\OT1/cmr/m/n/10 along
 []


Overfull \hbox (19.44449pt too wide) in paragraph at lines 39--39
\OT1/cmr/m/n/10 with
 []


Overfull \hbox (13.88892pt too wide) in paragraph at lines 39--39
\OT1/cmr/m/n/10 the
 []


Overfull \hbox (8.8889pt too wide) in paragraph at lines 39--39
\OT1/cmr/m/n/10 fi-
 []


Overfull \hbox (13.33337pt too wide) in paragraph at lines 39--39
\OT1/cmr/m/n/10 nal
 []


Overfull \hbox (14.58336pt too wide) in paragraph at lines 39--39
\OT1/cmr/m/n/10 La-
 []


Overfull \hbox (18.33334pt too wide) in paragraph at lines 39--39
\OT1/cmr/m/n/10 TeX
 []


Overfull \hbox (11.69444pt too wide) in paragraph at lines 39--39
\OT1/cmr/m/n/10 re-
 []


Overfull \hbox (21.41673pt too wide) in paragraph at lines 39--39
\OT1/cmr/m/n/10 port,
 []


Overfull \hbox (8.94446pt too wide) in paragraph at lines 39--39
\OT1/cmr/m/n/10 as
 []


Overfull \hbox (16.94446pt too wide) in paragraph at lines 39--39
\OT1/cmr/m/n/10 well
 []


Overfull \hbox (8.94446pt too wide) in paragraph at lines 39--39
\OT1/cmr/m/n/10 as
 []


Overfull \hbox (13.88892pt too wide) in paragraph at lines 39--39
\OT1/cmr/m/n/10 the
 []


Overfull \hbox (26.55557pt too wide) in paragraph at lines 39--39
\OT1/cmr/m/n/10 Power
 []


Overfull \hbox (23.47227pt too wide) in paragraph at lines 39--39
\OT1/cmr/m/n/10 Point
 []


Overfull \hbox (18.50002pt too wide) in paragraph at lines 39--39
\OT1/cmr/m/n/10 Pre-
 []


Overfull \hbox (17.27779pt too wide) in paragraph at lines 39--39
\OT1/cmr/m/n/10 sen-
 []


Overfull \hbox (12.22224pt too wide) in paragraph at lines 39--39
\OT1/cmr/m/n/10 ta-
 []


Overfull \hbox (20.00006pt too wide) in paragraph at lines 39--39
\OT1/cmr/m/n/10 tion. 
 []


Overfull \hbox (17.22224pt too wide) in paragraph at lines 39--39
\OT1/cmr/m/n/10 The
 []


Overfull \hbox (17.25002pt too wide) in paragraph at lines 39--39
\OT1/cmr/m/n/10 pre-
 []


Overfull \hbox (17.27779pt too wide) in paragraph at lines 39--39
\OT1/cmr/m/n/10 sen-
 []


Overfull \hbox (12.22224pt too wide) in paragraph at lines 39--39
\OT1/cmr/m/n/10 ta-
 []


Overfull \hbox (17.22227pt too wide) in paragraph at lines 39--39
\OT1/cmr/m/n/10 tion
 []


Overfull \hbox (8.88892pt too wide) in paragraph at lines 39--39
\OT1/cmr/m/n/10 (7
 []


Overfull \hbox (8.88892pt too wide) in paragraph at lines 39--39
\OT1/cmr/m/n/10 to
 []


Overfull \hbox (5.00002pt too wide) in paragraph at lines 39--39
\OT1/cmr/m/n/10 8
 []


Overfull \hbox (20.00005pt too wide) in paragraph at lines 39--39
\OT1/cmr/m/n/10 min-
 []


Overfull \hbox (21.72226pt too wide) in paragraph at lines 39--39
\OT1/cmr/m/n/10 utes)
 []


Overfull \hbox (28.38896pt too wide) in paragraph at lines 39--39
\OT1/cmr/m/n/10 should
 []


Overfull \hbox (11.66669pt too wide) in paragraph at lines 39--39
\OT1/cmr/m/n/10 in-
 []


Overfull \hbox (22.77782pt too wide) in paragraph at lines 39--39
\OT1/cmr/m/n/10 clude
 []


Overfull \hbox (13.88892pt too wide) in paragraph at lines 39--39
\OT1/cmr/m/n/10 the
 []


Overfull \hbox (14.1667pt too wide) in paragraph at lines 39--39
\OT1/cmr/m/n/10 fol-
 []


Overfull \hbox (18.05557pt too wide) in paragraph at lines 39--39
\OT1/cmr/m/n/10 low-
 []


Overfull \hbox (13.33337pt too wide) in paragraph at lines 39--39
\OT1/cmr/m/n/10 ing
 []


Overfull \hbox (26.72229pt too wide) in paragraph at lines 39--39
\OT1/cmr/m/n/10 points
 []


Overfull \hbox (21.11115pt too wide) in paragraph at lines 39--39
\OT1/cmr/m/n/10 (The
 []


Overfull \hbox (12.25002pt too wide) in paragraph at lines 39--39
\OT1/cmr/m/n/10 or-
 []


Overfull \hbox (13.91669pt too wide) in paragraph at lines 39--39
\OT1/cmr/m/n/10 der
 []


Overfull \hbox (8.05559pt too wide) in paragraph at lines 39--39
\OT1/cmr/m/n/10 of
 []


Overfull \hbox (13.88892pt too wide) in paragraph at lines 39--39
\OT1/cmr/m/n/10 the
 []


Overfull \hbox (23.44447pt too wide) in paragraph at lines 39--39
\OT1/cmr/m/n/10 slides
 []


Overfull \hbox (6.72223pt too wide) in paragraph at lines 39--39
\OT1/cmr/m/n/10 is
 []


Overfull \hbox (14.44447pt too wide) in paragraph at lines 39--39
\OT1/cmr/m/n/10 im-
 []


Overfull \hbox (18.08337pt too wide) in paragraph at lines 39--39
\OT1/cmr/m/n/10 por-
 []


Overfull \hbox (24.72229pt too wide) in paragraph at lines 39--39
\OT1/cmr/m/n/10 tant): 
 []


Overfull \hbox (23.88893pt too wide) in paragraph at lines 39--39
\OT1/cmr/m/n/10 Title:
 []


Overfull \hbox (32.11116pt too wide) in paragraph at lines 39--39
\OT1/cmr/m/n/10 Project
 []


Overfull \hbox (29.22227pt too wide) in paragraph at lines 39--39
\OT1/cmr/m/n/10 Names
 []


Overfull \hbox (17.77782pt too wide) in paragraph at lines 39--39
\OT1/cmr/m/n/10 (au-
 []


Overfull \hbox (22.3056pt too wide) in paragraph at lines 39--39
\OT1/cmr/m/n/10 thors
 []


Overfull \hbox (16.11116pt too wide) in paragraph at lines 39--39
\OT1/cmr/m/n/10 and
 []


Overfull \hbox (11.38892pt too wide) in paragraph at lines 39--39
\OT1/cmr/m/n/10 af-
 []


Overfull \hbox (11.66669pt too wide) in paragraph at lines 39--39
\OT1/cmr/m/n/10 fil-
 []


Overfull \hbox (6.11111pt too wide) in paragraph at lines 39--39
\OT1/cmr/m/n/10 i-
 []


Overfull \hbox (8.33334pt too wide) in paragraph at lines 39--39
\OT1/cmr/m/n/10 a-
 []


Overfull \hbox (25.05562pt too wide) in paragraph at lines 39--39
\OT1/cmr/m/n/10 tions) 
 []


Overfull \hbox (32.11116pt too wide) in paragraph at lines 39--39
\OT1/cmr/m/n/10 Project
 []


Overfull \hbox (20.62505pt too wide) in paragraph at lines 39--39
\OT1/cmr/m/n/10 Goal 
 []


Overfull \hbox (32.77786pt too wide) in paragraph at lines 39--39
\OT1/cmr/m/n/10 Outline
 []


Overfull \hbox (8.05559pt too wide) in paragraph at lines 39--39
\OT1/cmr/m/n/10 of
 []


Overfull \hbox (13.88892pt too wide) in paragraph at lines 39--39
\OT1/cmr/m/n/10 the
 []


Overfull \hbox (17.25002pt too wide) in paragraph at lines 39--39
\OT1/cmr/m/n/10 pre-
 []


Overfull \hbox (17.27779pt too wide) in paragraph at lines 39--39
\OT1/cmr/m/n/10 sen-
 []


Overfull \hbox (12.22224pt too wide) in paragraph at lines 39--39
\OT1/cmr/m/n/10 ta-
 []


Overfull \hbox (17.22227pt too wide) in paragraph at lines 39--39
\OT1/cmr/m/n/10 tion 
 []


Overfull \hbox (49.94453pt too wide) in paragraph at lines 39--39
\OT1/cmr/m/n/10 Description 
 []


Overfull \hbox (7.50002pt too wide) in paragraph at lines 39--39
\OT1/cmr/m/n/10 A
 []


Overfull \hbox (16.11113pt too wide) in paragraph at lines 39--39
\OT1/cmr/m/n/10 pic-
 []


Overfull \hbox (17.80559pt too wide) in paragraph at lines 39--39
\OT1/cmr/m/n/10 ture
 []


Overfull \hbox (6.72223pt too wide) in paragraph at lines 39--39
\OT1/cmr/m/n/10 is
 []


Overfull \hbox (11.72221pt too wide) in paragraph at lines 39--39
\OT1/cmr/m/n/10 es-
 []


Overfull \hbox (17.27779pt too wide) in paragraph at lines 39--39
\OT1/cmr/m/n/10 sen-
 []


Overfull \hbox (17.22227pt too wide) in paragraph at lines 39--39
\OT1/cmr/m/n/10 tial.
 []


Overfull \hbox (12.50002pt too wide) in paragraph at lines 39--39
\OT1/cmr/m/n/10 In-
 []


Overfull \hbox (15.58334pt too wide) in paragraph at lines 39--39
\OT1/cmr/m/n/10 ter-
 []


Overfull \hbox (16.94447pt too wide) in paragraph at lines 39--39
\OT1/cmr/m/n/10 face
 []


Overfull \hbox (23.38893pt too wide) in paragraph at lines 39--39
\OT1/cmr/m/n/10 snap-
 []


Overfull \hbox (18.38893pt too wide) in paragraph at lines 39--39
\OT1/cmr/m/n/10 shot
 []


Overfull \hbox (16.11116pt too wide) in paragraph at lines 39--39
\OT1/cmr/m/n/10 and
 []


Overfull \hbox (21.80557pt too wide) in paragraph at lines 39--39
\OT1/cmr/m/n/10 users
 []


Overfull \hbox (11.66669pt too wide) in paragraph at lines 39--39
\OT1/cmr/m/n/10 in-
 []


Overfull \hbox (15.58334pt too wide) in paragraph at lines 39--39
\OT1/cmr/m/n/10 ter-
 []


Overfull \hbox (12.77779pt too wide) in paragraph at lines 39--39
\OT1/cmr/m/n/10 ac-
 []


Overfull \hbox (17.22227pt too wide) in paragraph at lines 39--39
\OT1/cmr/m/n/10 tion
 []


Overfull \hbox (19.44449pt too wide) in paragraph at lines 39--39
\OT1/cmr/m/n/10 with
 []


Overfull \hbox (6.66669pt too wide) in paragraph at lines 39--39
\OT1/cmr/m/n/10 it 
 []


! LaTeX Error: The font size command \normalsize is not defined:
               there is probably something wrong with the class file.

See the LaTeX manual or LaTeX Companion for explanation.
Type  H <return>  for immediate help.
 ...                                              
                                                  
l.39 }
      
Your command was ignored.
Type  I <command> <return>  to replace it with another command,
or  <return>  to continue without it.

[1{C:/ProgramData/MiKTeX/2.9/pdftex/config/pdftex.map}]
Overfull \hbox (32.11116pt too wide) in paragraph at lines 39--39
\OT1/cmr/m/n/10 Project
 []


Overfull \hbox (26.66673pt too wide) in paragraph at lines 39--39
\OT1/cmr/m/n/10 Stum-
 []


Overfull \hbox (21.66673pt too wide) in paragraph at lines 39--39
\OT1/cmr/m/n/10 bling
 []


Overfull \hbox (28.52785pt too wide) in paragraph at lines 39--39
\OT1/cmr/m/n/10 Blocks 
 []


Overfull \hbox (21.52783pt too wide) in paragraph at lines 39--39
\OT1/cmr/m/n/10 Data
 []


Overfull \hbox (15.55557pt too wide) in paragraph at lines 39--39
\OT1/cmr/m/n/10 col-
 []


Overfull \hbox (15.0pt too wide) in paragraph at lines 39--39
\OT1/cmr/m/n/10 lec-
 []


Overfull \hbox (20.00006pt too wide) in paragraph at lines 39--39
\OT1/cmr/m/n/10 tion,
 []


Overfull \hbox (21.11115pt too wide) in paragraph at lines 39--39
\OT1/cmr/m/n/10 Con-
 []


Overfull \hbox (17.77779pt too wide) in paragraph at lines 39--39
\OT1/cmr/m/n/10 cep-
 []


Overfull \hbox (17.22227pt too wide) in paragraph at lines 39--39
\OT1/cmr/m/n/10 tual
 []


Overfull \hbox (13.75002pt too wide) in paragraph at lines 39--39
\OT1/cmr/m/n/10 Di-
 []


Overfull \hbox (8.33334pt too wide) in paragraph at lines 39--39
\OT1/cmr/m/n/10 a-
 []


Overfull \hbox (25.02785pt too wide) in paragraph at lines 39--39
\OT1/cmr/m/n/10 gram,
 []


Overfull \hbox (12.50002pt too wide) in paragraph at lines 39--39
\OT1/cmr/m/n/10 In-
 []


Overfull \hbox (28.91673pt too wide) in paragraph at lines 39--39
\OT1/cmr/m/n/10 tegrity
 []


Overfull \hbox (18.33336pt too wide) in paragraph at lines 39--39
\OT1/cmr/m/n/10 con-
 []


Overfull \hbox (32.63895pt too wide) in paragraph at lines 39--39
\OT1/cmr/m/n/10 straints 
 []


Overfull \hbox (31.66675pt too wide) in paragraph at lines 39--39
\OT1/cmr/m/n/10 Sample
 []


Overfull \hbox (8.05559pt too wide) in paragraph at lines 39--39
\OT1/cmr/m/n/10 of
 []


Overfull \hbox (20.00005pt too wide) in paragraph at lines 39--39
\OT1/cmr/m/n/10 find-
 []


Overfull \hbox (17.27782pt too wide) in paragraph at lines 39--39
\OT1/cmr/m/n/10 ings 
 []


Overfull \hbox (29.05562pt too wide) in paragraph at lines 39--39
\OT1/cmr/m/n/10 Future
 []


Overfull \hbox (15.4167pt too wide) in paragraph at lines 39--39
\OT1/cmr/m/n/10 Ex-
 []


Overfull \hbox (17.22224pt too wide) in paragraph at lines 39--39
\OT1/cmr/m/n/10 ten-
 []


Overfull \hbox (21.22226pt too wide) in paragraph at lines 39--39
\OT1/cmr/m/n/10 sions 
 []


Overfull \hbox (82.5557pt too wide) in paragraph at lines 39--39
\OT1/cmr/m/n/10 Acknowledgements 
 []


Overfull \hbox (46.05559pt too wide) in paragraph at lines 39--39
\OT1/cmr/m/n/10 References
 []


Overfull \hbox (16.11116pt too wide) in paragraph at lines 39--39
\OT1/cmr/m/n/10 and
 []


Overfull \hbox (15.13889pt too wide) in paragraph at lines 39--39
\OT1/cmr/m/n/10 Re-
 []


Overfull \hbox (31.25003pt too wide) in paragraph at lines 39--39
\OT1/cmr/m/n/10 sources
 []


Overfull \hbox (61.2779pt too wide) in paragraph at lines 39--39
\OT1/cmr/m/n/10 used(libraries,
 []


Overfull \hbox (16.6667pt too wide) in paragraph at lines 39--39
\OT1/cmr/m/n/10 lan-
 []


Overfull \hbox (31.72229pt too wide) in paragraph at lines 39--39
\OT1/cmr/m/n/10 guages,
 []


Overfull \hbox (16.94446pt too wide) in paragraph at lines 39--39
\OT1/cmr/m/n/10 web
 []


Overfull \hbox (11.69444pt too wide) in paragraph at lines 39--39
\OT1/cmr/m/n/10 re-
 []


Overfull \hbox (35.13893pt too wide) in paragraph at lines 39--39
\OT1/cmr/m/n/10 sources) 
 []


Overfull \hbox (34.30563pt too wide) in paragraph at lines 39--39
\OT1/cmr/m/n/10 Demo(3
 []


Overfull \hbox (20.00005pt too wide) in paragraph at lines 39--39
\OT1/cmr/m/n/10 min-
 []


Overfull \hbox (21.72226pt too wide) in paragraph at lines 39--39
\OT1/cmr/m/n/10 utes) 
 []


Overfull \hbox (27.4167pt too wide) in paragraph at lines 39--39
\OT1/cmr/m/n/10 Please
 []


Overfull \hbox (14.1667pt too wide) in paragraph at lines 39--39
\OT1/cmr/m/n/10 fol-
 []


Overfull \hbox (14.72224pt too wide) in paragraph at lines 39--39
\OT1/cmr/m/n/10 low
 []


Overfull \hbox (13.88892pt too wide) in paragraph at lines 39--39
\OT1/cmr/m/n/10 the
 []


Overfull \hbox (13.05557pt too wide) in paragraph at lines 39--39
\OT1/cmr/m/n/10 ex-
 []


Overfull \hbox (16.6667pt too wide) in paragraph at lines 39--39
\OT1/cmr/m/n/10 am-
 []


Overfull \hbox (12.7778pt too wide) in paragraph at lines 39--39
\OT1/cmr/m/n/10 ple
 []


Overfull \hbox (14.44447pt too wide) in paragraph at lines 39--39
\OT1/cmr/m/n/10 Su-
 []


Overfull \hbox (17.5278pt too wide) in paragraph at lines 39--39
\OT1/cmr/m/n/10 per-
 []


Overfull \hbox (12.63892pt too wide) in paragraph at lines 39--39
\OT1/cmr/m/n/10 Fi-
 []


Overfull \hbox (13.33337pt too wide) in paragraph at lines 39--39
\OT1/cmr/m/n/10 nal
 []


Overfull \hbox (17.25002pt too wide) in paragraph at lines 39--39
\OT1/cmr/m/n/10 pre-
 []


Overfull \hbox (17.27779pt too wide) in paragraph at lines 39--39
\OT1/cmr/m/n/10 sen-
 []


Overfull \hbox (12.22224pt too wide) in paragraph at lines 39--39
\OT1/cmr/m/n/10 ta-
 []


Overfull \hbox (17.22227pt too wide) in paragraph at lines 39--39
\OT1/cmr/m/n/10 tion
 []


Overfull \hbox (23.05562pt too wide) in paragraph at lines 39--39
\OT1/cmr/m/n/10 mock
 []


Overfull \hbox (11.11115pt too wide) in paragraph at lines 39--39
\OT1/cmr/m/n/10 up
 []


Overfull \hbox (18.33339pt too wide) in paragraph at lines 39--39
\OT1/cmr/m/n/10 that
 []


Overfull \hbox (6.72223pt too wide) in paragraph at lines 39--39
\OT1/cmr/m/n/10 is
 []


Overfull \hbox (28.66673pt too wide) in paragraph at lines 39--39
\OT1/cmr/m/n/10 posted
 []


Overfull \hbox (10.55559pt too wide) in paragraph at lines 39--39
\OT1/cmr/m/n/10 on
 []


Overfull \hbox (25.83342pt too wide) in paragraph at lines 39--39
\OT1/cmr/m/n/10 Sakai,
 []


Overfull \hbox (11.97226pt too wide) in paragraph at lines 39--39
\OT1/cmr/m/n/10 for
 []


Overfull \hbox (21.69449pt too wide) in paragraph at lines 39--39
\OT1/cmr/m/n/10 more
 []


Overfull \hbox (13.33334pt too wide) in paragraph at lines 39--39
\OT1/cmr/m/n/10 de-
 []


Overfull \hbox (21.16672pt too wide) in paragraph at lines 39--39
\OT1/cmr/m/n/10 tails. 
 []


Overfull \hbox (13.33337pt too wide) in paragraph at lines 39--39
\OT1/cmr/m/n/10 On
 []


Overfull \hbox (18.75006pt too wide) in paragraph at lines 39--39
\OT1/cmr/m/n/10 July
 []


Overfull \hbox (22.22229pt too wide) in paragraph at lines 39--39
\OT1/cmr/m/n/10 11th,
 []


Overfull \hbox (18.38892pt too wide) in paragraph at lines 39--39
\OT1/cmr/m/n/10 sub-
 []


Overfull \hbox (18.38892pt too wide) in paragraph at lines 39--39
\OT1/cmr/m/n/10 mis-
 []


Overfull \hbox (17.27782pt too wide) in paragraph at lines 39--39
\OT1/cmr/m/n/10 sion
 []


Overfull \hbox (28.38896pt too wide) in paragraph at lines 39--39
\OT1/cmr/m/n/10 should
 []


Overfull \hbox (19.72226pt too wide) in paragraph at lines 39--39
\OT1/cmr/m/n/10 have
 []


Overfull \hbox (23.88895pt too wide) in paragraph at lines 39--39
\OT1/cmr/m/n/10 taken
 []


Overfull \hbox (25.00005pt too wide) in paragraph at lines 39--39
\OT1/cmr/m/n/10 place.
 []


Overfull \hbox (19.22226pt too wide) in paragraph at lines 39--39
\OT1/cmr/m/n/10 Also
 []


Overfull \hbox (15.5556pt too wide) in paragraph at lines 39--39
\OT1/cmr/m/n/10 you
 []


Overfull \hbox (19.72226pt too wide) in paragraph at lines 39--39
\OT1/cmr/m/n/10 have
 []


Overfull \hbox (8.88892pt too wide) in paragraph at lines 39--39
\OT1/cmr/m/n/10 to
 []


Overfull \hbox (10.2778pt too wide) in paragraph at lines 39--39
\OT1/cmr/m/n/10 be
 []


Overfull \hbox (24.1945pt too wide) in paragraph at lines 39--39
\OT1/cmr/m/n/10 ready
 []


Overfull \hbox (8.88892pt too wide) in paragraph at lines 39--39
\OT1/cmr/m/n/10 to
 []


Overfull \hbox (10.55559pt too wide) in paragraph at lines 39--39
\OT1/cmr/m/n/10 do
 []


Overfull \hbox (13.88892pt too wide) in paragraph at lines 39--39
\OT1/cmr/m/n/10 the
 []


Overfull \hbox (17.25002pt too wide) in paragraph at lines 39--39
\OT1/cmr/m/n/10 pre-
 []


Overfull \hbox (17.27779pt too wide) in paragraph at lines 39--39
\OT1/cmr/m/n/10 sen-
 []


Overfull \hbox (12.22224pt too wide) in paragraph at lines 39--39
\OT1/cmr/m/n/10 ta-
 []


Overfull \hbox (17.22227pt too wide) in paragraph at lines 39--39
\OT1/cmr/m/n/10 tion
 []


Overfull \hbox (8.88892pt too wide) in paragraph at lines 39--39
\OT1/cmr/m/n/10 (7
 []


Overfull \hbox (8.88892pt too wide) in paragraph at lines 39--39
\OT1/cmr/m/n/10 to
 []


Overfull \hbox (5.00002pt too wide) in paragraph at lines 39--39
\OT1/cmr/m/n/10 8
 []


Overfull \hbox (20.00005pt too wide) in paragraph at lines 39--39
\OT1/cmr/m/n/10 min-
 []


Overfull \hbox (21.72226pt too wide) in paragraph at lines 39--39
\OT1/cmr/m/n/10 utes)
 []


Overfull \hbox (8.94446pt too wide) in paragraph at lines 39--39
\OT1/cmr/m/n/10 as
 []


Overfull \hbox (16.94446pt too wide) in paragraph at lines 39--39
\OT1/cmr/m/n/10 well
 []


Overfull \hbox (8.94446pt too wide) in paragraph at lines 39--39
\OT1/cmr/m/n/10 as
 []


Overfull \hbox (13.88892pt too wide) in paragraph at lines 39--39
\OT1/cmr/m/n/10 the
 []


Overfull \hbox (23.33339pt too wide) in paragraph at lines 39--39
\OT1/cmr/m/n/10 demo
 []


Overfull \hbox (8.88892pt too wide) in paragraph at lines 39--39
\OT1/cmr/m/n/10 to
 []


Overfull \hbox (21.44447pt too wide) in paragraph at lines 39--39
\OT1/cmr/m/n/10 show
 []


Overfull \hbox (13.88892pt too wide) in paragraph at lines 39--39
\OT1/cmr/m/n/10 the
 []


Overfull \hbox (21.94449pt too wide) in paragraph at lines 39--39
\OT1/cmr/m/n/10 func-
 []


Overfull \hbox (20.5556pt too wide) in paragraph at lines 39--39
\OT1/cmr/m/n/10 tion-
 []


Overfull \hbox (11.11113pt too wide) in paragraph at lines 39--39
\OT1/cmr/m/n/10 al-
 []


Overfull \hbox (6.11111pt too wide) in paragraph at lines 39--39
\OT1/cmr/m/n/10 i-
 []


Overfull \hbox (15.05557pt too wide) in paragraph at lines 39--39
\OT1/cmr/m/n/10 ties
 []


Overfull \hbox (8.05559pt too wide) in paragraph at lines 39--39
\OT1/cmr/m/n/10 of
 []


Overfull \hbox (13.88892pt too wide) in paragraph at lines 39--39
\OT1/cmr/m/n/10 the
 []


Overfull \hbox (30.86116pt too wide) in paragraph at lines 39--39
\OT1/cmr/m/n/10 project
 []


Overfull \hbox (8.88892pt too wide) in paragraph at lines 39--39
\OT1/cmr/m/n/10 (3
 []


Overfull \hbox (20.00005pt too wide) in paragraph at lines 39--39
\OT1/cmr/m/n/10 min-
 []


Overfull \hbox (24.50005pt too wide) in paragraph at lines 39--39
\OT1/cmr/m/n/10 utes):
 []


Overfull \hbox (13.05557pt too wide) in paragraph at lines 39--39
\OT1/cmr/m/n/10 ev-
 []


Overfull \hbox (13.63892pt too wide) in paragraph at lines 39--39
\OT1/cmr/m/n/10 ery
 []


Overfull \hbox (25.02785pt too wide) in paragraph at lines 39--39
\OT1/cmr/m/n/10 group
 []


Overfull \hbox (24.44449pt too wide) in paragraph at lines 39--39
\OT1/cmr/m/n/10 mem-
 []


Overfull \hbox (14.19447pt too wide) in paragraph at lines 39--39
\OT1/cmr/m/n/10 ber
 []


Overfull \hbox (28.38896pt too wide) in paragraph at lines 39--39
\OT1/cmr/m/n/10 should
 []


Overfull \hbox (12.22224pt too wide) in paragraph at lines 39--39
\OT1/cmr/m/n/10 at-
 []


Overfull \hbox (19.44449pt too wide) in paragraph at lines 39--39
\OT1/cmr/m/n/10 tend
 []


Overfull \hbox (13.88892pt too wide) in paragraph at lines 39--39
\OT1/cmr/m/n/10 the
 []


Overfull \hbox (23.33339pt too wide) in paragraph at lines 39--39
\OT1/cmr/m/n/10 demo
 []


Overfull \hbox (20.00006pt too wide) in paragraph at lines 39--39
\OT1/cmr/m/n/10 (and
 []


Overfull \hbox (17.25002pt too wide) in paragraph at lines 39--39
\OT1/cmr/m/n/10 pre-
 []


Overfull \hbox (17.27779pt too wide) in paragraph at lines 39--39
\OT1/cmr/m/n/10 sen-
 []


Overfull \hbox (12.22224pt too wide) in paragraph at lines 39--39
\OT1/cmr/m/n/10 ta-
 []


Overfull \hbox (21.11118pt too wide) in paragraph at lines 39--39
\OT1/cmr/m/n/10 tion)
 []


Overfull \hbox (16.11116pt too wide) in paragraph at lines 39--39
\OT1/cmr/m/n/10 and
 []


Overfull \hbox (15.55559pt too wide) in paragraph at lines 39--39
\OT1/cmr/m/n/10 will
 []


Overfull \hbox (19.72226pt too wide) in paragraph at lines 39--39
\OT1/cmr/m/n/10 have
 []


Overfull \hbox (8.88892pt too wide) in paragraph at lines 39--39
\OT1/cmr/m/n/10 to
 []


Overfull \hbox (22.00002pt too wide) in paragraph at lines 39--39
\OT1/cmr/m/n/10 spec-
 []


Overfull \hbox (11.11116pt too wide) in paragraph at lines 39--39
\OT1/cmr/m/n/10 ify
 []


Overfull \hbox (13.88892pt too wide) in paragraph at lines 39--39
\OT1/cmr/m/n/10 the
 []


Overfull \hbox (22.3056pt too wide) in paragraph at lines 39--39
\OT1/cmr/m/n/10 parts
 []


Overfull \hbox (28.94449pt too wide) in paragraph at lines 39--39
\OT1/cmr/m/n/10 he/she
 []


Overfull \hbox (14.50003pt too wide) in paragraph at lines 39--39
\OT1/cmr/m/n/10 has
 []


Overfull \hbox (30.86116pt too wide) in paragraph at lines 39--39
\OT1/cmr/m/n/10 worked
 []


Overfull \hbox (24.7223pt too wide) in paragraph at lines 39--39
\OT1/cmr/m/n/10 upon,
 []


Overfull \hbox (8.33336pt too wide) in paragraph at lines 39--39
\OT1/cmr/m/n/10 in
 []


Overfull \hbox (12.25002pt too wide) in paragraph at lines 39--39
\OT1/cmr/m/n/10 or-
 []


Overfull \hbox (13.91669pt too wide) in paragraph at lines 39--39
\OT1/cmr/m/n/10 der
 []


Overfull \hbox (8.88892pt too wide) in paragraph at lines 39--39
\OT1/cmr/m/n/10 to
 []


Overfull \hbox (11.11113pt too wide) in paragraph at lines 39--39
\OT1/cmr/m/n/10 al-
 []


Overfull \hbox (14.72224pt too wide) in paragraph at lines 39--39
\OT1/cmr/m/n/10 low
 []


Overfull \hbox (9.50002pt too wide) in paragraph at lines 39--39
\OT1/cmr/m/n/10 us
 []


Overfull \hbox (8.88892pt too wide) in paragraph at lines 39--39
\OT1/cmr/m/n/10 to
 []


Overfull \hbox (23.91672pt too wide) in paragraph at lines 39--39
\OT1/cmr/m/n/10 grade
 []


Overfull \hbox (10.55559pt too wide) in paragraph at lines 39--39
\OT1/cmr/m/n/10 all
 []


Overfull \hbox (16.72224pt too wide) in paragraph at lines 39--39
\OT1/cmr/m/n/10 stu-
 []


Overfull \hbox (23.11115pt too wide) in paragraph at lines 39--39
\OT1/cmr/m/n/10 dents
 []


Overfull \hbox (19.44449pt too wide) in paragraph at lines 39--39
\OT1/cmr/m/n/10 with
 []


Overfull \hbox (18.08337pt too wide) in paragraph at lines 39--39
\OT1/cmr/m/n/10 fair-
 []


Overfull \hbox (20.66669pt too wide) in paragraph at lines 39--39
\OT1/cmr/m/n/10 ness. 
 []


Overfull \hbox (28.61119pt too wide) in paragraph at lines 39--39
\OT1/cmr/m/n/10 Thank
 []


Overfull \hbox (18.33339pt too wide) in paragraph at lines 39--39
\OT1/cmr/m/n/10 you,
 []


Overfull \hbox (16.11116pt too wide) in paragraph at lines 39--39
\OT1/cmr/m/n/10 and
 []


Overfull \hbox (18.11115pt too wide) in paragraph at lines 39--39
\OT1/cmr/m/n/10 best
 []


Overfull \hbox (8.05559pt too wide) in paragraph at lines 39--39
\OT1/cmr/m/n/10 of
 []


Overfull \hbox (20.5556pt too wide) in paragraph at lines 39--39
\OT1/cmr/m/n/10 luck! 
 []

)
! Emergency stop.
<*> Highlights.tex
                  
*** (job aborted, no legal \end found)

 
Here is how much of TeX's memory you used:
 14 strings out of 493921
 313 string characters out of 3144873
 55147 words of memory out of 3000000
 3405 multiletter control sequences out of 15000+200000
 3640 words of font info for 14 fonts, out of 3000000 for 9000
 841 hyphenation exceptions out of 8191
 16i,4n,15p,387b,228s stack positions out of 5000i,500n,10000p,200000b,50000s
!  ==> Fatal error occurred, no output PDF file produced!
