This is pdfTeX, Version 3.1415926-2.5-1.40.14 (MiKTeX 2.9) (preloaded format=pdflatex 2015.4.19)  28 JUN 2015 15:15
entering extended mode
**Stage2.tex
(C:\Users\Oliver\Desktop\homework\StudentTemplates\Stage2.tex
LaTeX2e <2011/06/27>
Babel <v3.8m> and hyphenation patterns for english, afrikaans, ancientgreek, ar
abic, armenian, assamese, basque, bengali, bokmal, bulgarian, catalan, coptic, 
croatian, czech, danish, dutch, esperanto, estonian, farsi, finnish, french, ga
lician, german, german-x-2013-05-26, greek, gujarati, hindi, hungarian, iceland
ic, indonesian, interlingua, irish, italian, kannada, kurmanji, latin, latvian,
 lithuanian, malayalam, marathi, mongolian, mongolianlmc, monogreek, ngerman, n
german-x-2013-05-26, nynorsk, oriya, panjabi, pinyin, polish, portuguese, roman
ian, russian, sanskrit, serbian, slovak, slovenian, spanish, swedish, swissgerm
an, tamil, telugu, turkish, turkmen, ukenglish, ukrainian, uppersorbian, usengl
ishmax, welsh, loaded.

! LaTeX Error: Missing \begin{document}.

See the LaTeX manual or LaTeX Companion for explanation.
Type  H <return>  for immediate help.
 ...                                              
                                                  
l.37 }
      
You're in trouble here.  Try typing  <return>  to proceed.
If that doesn't work, type  X <return>  to quit.


Overfull \hbox (20.0pt too wide) in paragraph at lines 37--37
[]
 []


Overfull \hbox (28.13892pt too wide) in paragraph at lines 37--37
\OT1/cmr/m/n/10 Trans-
 []


Overfull \hbox (23.63895pt too wide) in paragraph at lines 37--37
\OT1/cmr/m/n/10 form-
 []


Overfull \hbox (13.33337pt too wide) in paragraph at lines 37--37
\OT1/cmr/m/n/10 ing
 []


Overfull \hbox (13.88892pt too wide) in paragraph at lines 37--37
\OT1/cmr/m/n/10 the
 []


Overfull \hbox (30.86116pt too wide) in paragraph at lines 37--37
\OT1/cmr/m/n/10 project
 []


Overfull \hbox (11.69444pt too wide) in paragraph at lines 37--37
\OT1/cmr/m/n/10 re-
 []


Overfull \hbox (25.30559pt too wide) in paragraph at lines 37--37
\OT1/cmr/m/n/10 quire-
 []


Overfull \hbox (25.88893pt too wide) in paragraph at lines 37--37
\OT1/cmr/m/n/10 ments
 []


Overfull \hbox (16.94449pt too wide) in paragraph at lines 37--37
\OT1/cmr/m/n/10 into
 []


Overfull \hbox (10.55559pt too wide) in paragraph at lines 37--37
\OT1/cmr/m/n/10 an
 []


Overfull \hbox (14.16669pt too wide) in paragraph at lines 37--37
\OT1/cmr/m/n/10 ER
 []


Overfull \hbox (26.38896pt too wide) in paragraph at lines 37--37
\OT1/cmr/m/n/10 model
 []


Overfull \hbox (13.33334pt too wide) in paragraph at lines 37--37
\OT1/cmr/m/n/10 de-
 []


Overfull \hbox (17.27782pt too wide) in paragraph at lines 37--37
\OT1/cmr/m/n/10 sign
 []


Overfull \hbox (10.55556pt too wide) in paragraph at lines 37--37
\OT1/cmr/m/n/10 el-
 []


Overfull \hbox (7.77777pt too wide) in paragraph at lines 37--37
\OT1/cmr/m/n/10 e-
 []


Overfull \hbox (28.66672pt too wide) in paragraph at lines 37--37
\OT1/cmr/m/n/10 ments,
 []


Overfull \hbox (23.97226pt too wide) in paragraph at lines 37--37
\OT1/cmr/m/n/10 start-
 []


Overfull \hbox (13.33337pt too wide) in paragraph at lines 37--37
\OT1/cmr/m/n/10 ing
 []


Overfull \hbox (19.44449pt too wide) in paragraph at lines 37--37
\OT1/cmr/m/n/10 with
 []


Overfull \hbox (13.88892pt too wide) in paragraph at lines 37--37
\OT1/cmr/m/n/10 the
 []


Overfull \hbox (16.11115pt too wide) in paragraph at lines 37--37
\OT1/cmr/m/n/10 lay-
 []


Overfull \hbox (14.44449pt too wide) in paragraph at lines 37--37
\OT1/cmr/m/n/10 out
 []


Overfull \hbox (8.05559pt too wide) in paragraph at lines 37--37
\OT1/cmr/m/n/10 of
 []


Overfull \hbox (13.88892pt too wide) in paragraph at lines 37--37
\OT1/cmr/m/n/10 the
 []


Overfull \hbox (14.72226pt too wide) in paragraph at lines 37--37
\OT1/cmr/m/n/10 dif-
 []


Overfull \hbox (14.75002pt too wide) in paragraph at lines 37--37
\OT1/cmr/m/n/10 fer-
 []


Overfull \hbox (13.61113pt too wide) in paragraph at lines 37--37
\OT1/cmr/m/n/10 ent
 []


Overfull \hbox (19.4445pt too wide) in paragraph at lines 37--37
\OT1/cmr/m/n/10 data
 []


Overfull \hbox (23.11116pt too wide) in paragraph at lines 37--37
\OT1/cmr/m/n/10 types
 []


Overfull \hbox (11.69444pt too wide) in paragraph at lines 37--37
\OT1/cmr/m/n/10 re-
 []


Overfull \hbox (27.52783pt too wide) in paragraph at lines 37--37
\OT1/cmr/m/n/10 quired
 []


Overfull \hbox (14.19447pt too wide) in paragraph at lines 37--37
\OT1/cmr/m/n/10 per
 []


Overfull \hbox (17.86113pt too wide) in paragraph at lines 37--37
\OT1/cmr/m/n/10 user
 []


Overfull \hbox (16.94449pt too wide) in paragraph at lines 37--37
\OT1/cmr/m/n/10 into
 []


Overfull \hbox (13.88892pt too wide) in paragraph at lines 37--37
\OT1/cmr/m/n/10 the
 []


Overfull \hbox (14.16669pt too wide) in paragraph at lines 37--37
\OT1/cmr/m/n/10 ER
 []


Overfull \hbox (29.16675pt too wide) in paragraph at lines 37--37
\OT1/cmr/m/n/10 model.
 []


Overfull \hbox (17.22224pt too wide) in paragraph at lines 37--37
\OT1/cmr/m/n/10 The
 []


Overfull \hbox (13.33334pt too wide) in paragraph at lines 37--37
\OT1/cmr/m/n/10 de-
 []


Overfull \hbox (14.1667pt too wide) in paragraph at lines 37--37
\OT1/cmr/m/n/10 liv-
 []


Overfull \hbox (11.69444pt too wide) in paragraph at lines 37--37
\OT1/cmr/m/n/10 er-
 []


Overfull \hbox (21.72226pt too wide) in paragraph at lines 37--37
\OT1/cmr/m/n/10 ables
 []


Overfull \hbox (11.97226pt too wide) in paragraph at lines 37--37
\OT1/cmr/m/n/10 for
 []


Overfull \hbox (16.1667pt too wide) in paragraph at lines 37--37
\OT1/cmr/m/n/10 this
 []


Overfull \hbox (22.27782pt too wide) in paragraph at lines 37--37
\OT1/cmr/m/n/10 stage
 []


Overfull \hbox (11.66669pt too wide) in paragraph at lines 37--37
\OT1/cmr/m/n/10 in-
 []


Overfull \hbox (22.77782pt too wide) in paragraph at lines 37--37
\OT1/cmr/m/n/10 clude
 []


Overfull \hbox (13.88892pt too wide) in paragraph at lines 37--37
\OT1/cmr/m/n/10 the
 []


Overfull \hbox (14.1667pt too wide) in paragraph at lines 37--37
\OT1/cmr/m/n/10 fol-
 []


Overfull \hbox (18.05557pt too wide) in paragraph at lines 37--37
\OT1/cmr/m/n/10 low-
 []


Overfull \hbox (13.33337pt too wide) in paragraph at lines 37--37
\OT1/cmr/m/n/10 ing
 []


Overfull \hbox (26.16672pt too wide) in paragraph at lines 37--37
\OT1/cmr/m/n/10 items,
 []


Overfull \hbox (18.33336pt too wide) in paragraph at lines 37--37
\OT1/cmr/m/n/10 con-
 []


Overfull \hbox (20.5556pt too wide) in paragraph at lines 37--37
\OT1/cmr/m/n/10 tain-
 []


Overfull \hbox (13.33337pt too wide) in paragraph at lines 37--37
\OT1/cmr/m/n/10 ing
 []


Overfull \hbox (5.00002pt too wide) in paragraph at lines 37--37
\OT1/cmr/m/n/10 a
 []


Overfull \hbox (28.36118pt too wide) in paragraph at lines 37--37
\OT1/cmr/m/n/10 graph-
 []


Overfull \hbox (6.11111pt too wide) in paragraph at lines 37--37
\OT1/cmr/m/n/10 i-
 []


Overfull \hbox (12.22224pt too wide) in paragraph at lines 37--37
\OT1/cmr/m/n/10 cal
 []


Overfull \hbox (17.25002pt too wide) in paragraph at lines 37--37
\OT1/cmr/m/n/10 rep-
 []


Overfull \hbox (11.69444pt too wide) in paragraph at lines 37--37
\OT1/cmr/m/n/10 re-
 []


Overfull \hbox (17.27779pt too wide) in paragraph at lines 37--37
\OT1/cmr/m/n/10 sen-
 []


Overfull \hbox (12.22224pt too wide) in paragraph at lines 37--37
\OT1/cmr/m/n/10 ta-
 []


Overfull \hbox (17.22227pt too wide) in paragraph at lines 37--37
\OT1/cmr/m/n/10 tion
 []


Overfull \hbox (16.11116pt too wide) in paragraph at lines 37--37
\OT1/cmr/m/n/10 and
 []


Overfull \hbox (5.00002pt too wide) in paragraph at lines 37--37
\OT1/cmr/m/n/10 a
 []


Overfull \hbox (16.94447pt too wide) in paragraph at lines 37--37
\OT1/cmr/m/n/10 tex-
 []


Overfull \hbox (17.22227pt too wide) in paragraph at lines 37--37
\OT1/cmr/m/n/10 tual
 []


Overfull \hbox (13.33334pt too wide) in paragraph at lines 37--37
\OT1/cmr/m/n/10 de-
 []


Overfull \hbox (23.97224pt too wide) in paragraph at lines 37--37
\OT1/cmr/m/n/10 scrip-
 []


Overfull \hbox (17.22227pt too wide) in paragraph at lines 37--37
\OT1/cmr/m/n/10 tion
 []


Overfull \hbox (31.3056pt too wide) in paragraph at lines 37--37
\OT1/cmr/m/n/10 (Please
 []


Overfull \hbox (11.69444pt too wide) in paragraph at lines 37--37
\OT1/cmr/m/n/10 re-
 []


Overfull \hbox (11.41669pt too wide) in paragraph at lines 37--37
\OT1/cmr/m/n/10 fer
 []


Overfull \hbox (8.88892pt too wide) in paragraph at lines 37--37
\OT1/cmr/m/n/10 to
 []


Overfull \hbox (13.88892pt too wide) in paragraph at lines 37--37
\OT1/cmr/m/n/10 the
 []


Overfull \hbox (20.02782pt too wide) in paragraph at lines 37--37
\OT1/cmr/m/n/10 orig-
 []


Overfull \hbox (6.11111pt too wide) in paragraph at lines 37--37
\OT1/cmr/m/n/10 i-
 []


Overfull \hbox (13.33337pt too wide) in paragraph at lines 37--37
\OT1/cmr/m/n/10 nal
 []


Overfull \hbox (32.11116pt too wide) in paragraph at lines 37--37
\OT1/cmr/m/n/10 Project
 []


Overfull \hbox (15.41667pt too wide) in paragraph at lines 37--37
\OT1/cmr/m/n/10 De-
 []


Overfull \hbox (23.97224pt too wide) in paragraph at lines 37--37
\OT1/cmr/m/n/10 scrip-
 []


Overfull \hbox (17.22227pt too wide) in paragraph at lines 37--37
\OT1/cmr/m/n/10 tion
 []


Overfull \hbox (11.97226pt too wide) in paragraph at lines 37--37
\OT1/cmr/m/n/10 for
 []


Overfull \hbox (21.69449pt too wide) in paragraph at lines 37--37
\OT1/cmr/m/n/10 more
 []


Overfull \hbox (13.33334pt too wide) in paragraph at lines 37--37
\OT1/cmr/m/n/10 de-
 []


Overfull \hbox (25.05562pt too wide) in paragraph at lines 37--37
\OT1/cmr/m/n/10 tails): 
 []


Overfull \hbox (7.50002pt too wide) in paragraph at lines 37--37
\OT1/cmr/m/n/10 A
 []


Overfull \hbox (22.00002pt too wide) in paragraph at lines 37--37
\OT1/cmr/m/n/10 spec-
 []


Overfull \hbox (6.11111pt too wide) in paragraph at lines 37--37
\OT1/cmr/m/n/10 i-
 []


Overfull \hbox (8.8889pt too wide) in paragraph at lines 37--37
\OT1/cmr/m/n/10 fi-
 []


Overfull \hbox (12.77779pt too wide) in paragraph at lines 37--37
\OT1/cmr/m/n/10 ca-
 []


Overfull \hbox (17.22227pt too wide) in paragraph at lines 37--37
\OT1/cmr/m/n/10 tion
 []


Overfull \hbox (8.05559pt too wide) in paragraph at lines 37--37
\OT1/cmr/m/n/10 of
 []


Overfull \hbox (19.16669pt too wide) in paragraph at lines 37--37
\OT1/cmr/m/n/10 each
 []


Overfull \hbox (11.69444pt too wide) in paragraph at lines 37--37
\OT1/cmr/m/n/10 re-
 []


Overfull \hbox (11.11113pt too wide) in paragraph at lines 37--37
\OT1/cmr/m/n/10 la-
 []


Overfull \hbox (17.22227pt too wide) in paragraph at lines 37--37
\OT1/cmr/m/n/10 tion
 []


Overfull \hbox (16.11116pt too wide) in paragraph at lines 37--37
\OT1/cmr/m/n/10 and
 []


Overfull \hbox (10.61113pt too wide) in paragraph at lines 37--37
\OT1/cmr/m/n/10 its
 []


Overfull \hbox (13.33334pt too wide) in paragraph at lines 37--37
\OT1/cmr/m/n/10 en-
 []


Overfull \hbox (10.00002pt too wide) in paragraph at lines 37--37
\OT1/cmr/m/n/10 ti-
 []


Overfull \hbox (15.05557pt too wide) in paragraph at lines 37--37
\OT1/cmr/m/n/10 ties
 []


Overfull \hbox (16.11116pt too wide) in paragraph at lines 37--37
\OT1/cmr/m/n/10 and
 []


Overfull \hbox (12.22224pt too wide) in paragraph at lines 37--37
\OT1/cmr/m/n/10 at-
 []


Overfull \hbox (33.97229pt too wide) in paragraph at lines 37--37
\OT1/cmr/m/n/10 tributes
 []


Overfull \hbox (23.33339pt too wide) in paragraph at lines 37--37
\OT1/cmr/m/n/10 (with
 []


Overfull \hbox (15.69447pt too wide) in paragraph at lines 37--37
\OT1/cmr/m/n/10 En-
 []


Overfull \hbox (20.0556pt too wide) in paragraph at lines 37--37
\OT1/cmr/m/n/10 glish
 []


Overfull \hbox (13.33334pt too wide) in paragraph at lines 37--37
\OT1/cmr/m/n/10 de-
 []


Overfull \hbox (23.97224pt too wide) in paragraph at lines 37--37
\OT1/cmr/m/n/10 scrip-
 []


Overfull \hbox (17.22227pt too wide) in paragraph at lines 37--37
\OT1/cmr/m/n/10 tion
 []


Overfull \hbox (11.69444pt too wide) in paragraph at lines 37--37
\OT1/cmr/m/n/10 re-
 []


Overfull \hbox (15.00003pt too wide) in paragraph at lines 37--37
\OT1/cmr/m/n/10 lat-
 []


Overfull \hbox (13.33337pt too wide) in paragraph at lines 37--37
\OT1/cmr/m/n/10 ing
 []


Overfull \hbox (19.16669pt too wide) in paragraph at lines 37--37
\OT1/cmr/m/n/10 each
 []


Overfull \hbox (14.16669pt too wide) in paragraph at lines 37--37
\OT1/cmr/m/n/10 ER
 []


Overfull \hbox (18.36116pt too wide) in paragraph at lines 37--37
\OT1/cmr/m/n/10 part
 []


Overfull \hbox (8.88892pt too wide) in paragraph at lines 37--37
\OT1/cmr/m/n/10 to
 []


Overfull \hbox (15.00003pt too wide) in paragraph at lines 37--37
\OT1/cmr/m/n/10 one
 []


Overfull \hbox (8.91669pt too wide) in paragraph at lines 37--37
\OT1/cmr/m/n/10 or
 []


Overfull \hbox (21.69449pt too wide) in paragraph at lines 37--37
\OT1/cmr/m/n/10 more
 []


Overfull \hbox (17.86113pt too wide) in paragraph at lines 37--37
\OT1/cmr/m/n/10 user
 []


Overfull \hbox (16.16666pt too wide) in paragraph at lines 37--37
\OT1/cmr/m/n/10 sce-
 []


Overfull \hbox (40.63899pt too wide) in paragraph at lines 37--37
\OT1/cmr/m/n/10 nario(s)). 
 []


! LaTeX Error: The font size command \normalsize is not defined:
               there is probably something wrong with the class file.

See the LaTeX manual or LaTeX Companion for explanation.
Type  H <return>  for immediate help.
 ...                                              
                                                  
l.37 }
      
Your command was ignored.
Type  I <command> <return>  to replace it with another command,
or  <return>  to continue without it.

[1{C:/ProgramData/MiKTeX/2.9/pdftex/config/pdftex.map}]
Overfull \hbox (13.05559pt too wide) in paragraph at lines 37--37
\OT1/cmr/m/n/10 An
 []


Overfull \hbox (14.16669pt too wide) in paragraph at lines 37--37
\OT1/cmr/m/n/10 ER
 []


Overfull \hbox (11.66669pt too wide) in paragraph at lines 37--37
\OT1/cmr/m/n/10 di-
 []


Overfull \hbox (8.33334pt too wide) in paragraph at lines 37--37
\OT1/cmr/m/n/10 a-
 []


Overfull \hbox (22.25006pt too wide) in paragraph at lines 37--37
\OT1/cmr/m/n/10 gram
 []


Overfull \hbox (8.33336pt too wide) in paragraph at lines 37--37
\OT1/cmr/m/n/10 in
 []


Overfull \hbox (10.61113pt too wide) in paragraph at lines 37--37
\OT1/cmr/m/n/10 its
 []


Overfull \hbox (13.33334pt too wide) in paragraph at lines 37--37
\OT1/cmr/m/n/10 en-
 []


Overfull \hbox (23.91672pt too wide) in paragraph at lines 37--37
\OT1/cmr/m/n/10 tirety
 []


Overfull \hbox (21.6667pt too wide) in paragraph at lines 37--37
\OT1/cmr/m/n/10 (cov-
 []


Overfull \hbox (11.69444pt too wide) in paragraph at lines 37--37
\OT1/cmr/m/n/10 er-
 []


Overfull \hbox (13.33337pt too wide) in paragraph at lines 37--37
\OT1/cmr/m/n/10 ing
 []


Overfull \hbox (10.55559pt too wide) in paragraph at lines 37--37
\OT1/cmr/m/n/10 all
 []


Overfull \hbox (13.88892pt too wide) in paragraph at lines 37--37
\OT1/cmr/m/n/10 the
 []


Overfull \hbox (16.16666pt too wide) in paragraph at lines 37--37
\OT1/cmr/m/n/10 sce-
 []


Overfull \hbox (17.80559pt too wide) in paragraph at lines 37--37
\OT1/cmr/m/n/10 nar-
 []


Overfull \hbox (11.72224pt too wide) in paragraph at lines 37--37
\OT1/cmr/m/n/10 ios
 []


Overfull \hbox (13.33334pt too wide) in paragraph at lines 37--37
\OT1/cmr/m/n/10 de-
 []


Overfull \hbox (30.91672pt too wide) in paragraph at lines 37--37
\OT1/cmr/m/n/10 scribed
 []


Overfull \hbox (8.33336pt too wide) in paragraph at lines 37--37
\OT1/cmr/m/n/10 in
 []


Overfull \hbox (30.05562pt too wide) in paragraph at lines 37--37
\OT1/cmr/m/n/10 stage1,
 []


Overfull \hbox (23.3334pt too wide) in paragraph at lines 37--37
\OT1/cmr/m/n/10 along
 []


Overfull \hbox (19.44449pt too wide) in paragraph at lines 37--37
\OT1/cmr/m/n/10 with
 []


Overfull \hbox (13.88892pt too wide) in paragraph at lines 37--37
\OT1/cmr/m/n/10 the
 []


Overfull \hbox (22.00002pt too wide) in paragraph at lines 37--37
\OT1/cmr/m/n/10 spec-
 []


Overfull \hbox (6.11111pt too wide) in paragraph at lines 37--37
\OT1/cmr/m/n/10 i-
 []


Overfull \hbox (15.55559pt too wide) in paragraph at lines 37--37
\OT1/cmr/m/n/10 fied
 []


Overfull \hbox (11.66669pt too wide) in paragraph at lines 37--37
\OT1/cmr/m/n/10 in-
 []


Overfull \hbox (28.91673pt too wide) in paragraph at lines 37--37
\OT1/cmr/m/n/10 tegrity
 []


Overfull \hbox (18.33336pt too wide) in paragraph at lines 37--37
\OT1/cmr/m/n/10 con-
 []


Overfull \hbox (39.30563pt too wide) in paragraph at lines 37--37
\OT1/cmr/m/n/10 straints). 
 []


Overfull \hbox (7.50002pt too wide) in paragraph at lines 37--37
\OT1/cmr/m/n/10 A
 []


Overfull \hbox (19.75005pt too wide) in paragraph at lines 37--37
\OT1/cmr/m/n/10 brief
 []


Overfull \hbox (16.94447pt too wide) in paragraph at lines 37--37
\OT1/cmr/m/n/10 tex-
 []


Overfull \hbox (17.22227pt too wide) in paragraph at lines 37--37
\OT1/cmr/m/n/10 tual
 []


Overfull \hbox (13.33334pt too wide) in paragraph at lines 37--37
\OT1/cmr/m/n/10 de-
 []


Overfull \hbox (23.97224pt too wide) in paragraph at lines 37--37
\OT1/cmr/m/n/10 scrip-
 []


Overfull \hbox (17.22227pt too wide) in paragraph at lines 37--37
\OT1/cmr/m/n/10 tion
 []


Overfull \hbox (8.05559pt too wide) in paragraph at lines 37--37
\OT1/cmr/m/n/10 of
 []


Overfull \hbox (13.88892pt too wide) in paragraph at lines 37--37
\OT1/cmr/m/n/10 the
 []


Overfull \hbox (14.16669pt too wide) in paragraph at lines 37--37
\OT1/cmr/m/n/10 ER
 []


Overfull \hbox (11.66669pt too wide) in paragraph at lines 37--37
\OT1/cmr/m/n/10 di-
 []


Overfull \hbox (8.33334pt too wide) in paragraph at lines 37--37
\OT1/cmr/m/n/10 a-
 []


Overfull \hbox (22.25006pt too wide) in paragraph at lines 37--37
\OT1/cmr/m/n/10 gram
 []


Overfull \hbox (27.2223pt too wide) in paragraph at lines 37--37
\OT1/cmr/m/n/10 (along
 []


Overfull \hbox (19.44449pt too wide) in paragraph at lines 37--37
\OT1/cmr/m/n/10 with
 []


Overfull \hbox (10.61113pt too wide) in paragraph at lines 37--37
\OT1/cmr/m/n/10 its
 []


Overfull \hbox (21.94449pt too wide) in paragraph at lines 37--37
\OT1/cmr/m/n/10 func-
 []


Overfull \hbox (25.00008pt too wide) in paragraph at lines 37--37
\OT1/cmr/m/n/10 tional
 []


Overfull \hbox (13.88892pt too wide) in paragraph at lines 37--37
\OT1/cmr/m/n/10 op-
 []


Overfull \hbox (11.69444pt too wide) in paragraph at lines 37--37
\OT1/cmr/m/n/10 er-
 []


Overfull \hbox (8.33334pt too wide) in paragraph at lines 37--37
\OT1/cmr/m/n/10 a-
 []


Overfull \hbox (17.22227pt too wide) in paragraph at lines 37--37
\OT1/cmr/m/n/10 tion
 []


Overfull \hbox (8.33336pt too wide) in paragraph at lines 37--37
\OT1/cmr/m/n/10 in
 []


Overfull \hbox (13.88892pt too wide) in paragraph at lines 37--37
\OT1/cmr/m/n/10 the
 []


Overfull \hbox (14.72226pt too wide) in paragraph at lines 37--37
\OT1/cmr/m/n/10 dif-
 []


Overfull \hbox (14.75002pt too wide) in paragraph at lines 37--37
\OT1/cmr/m/n/10 fer-
 []


Overfull \hbox (13.61113pt too wide) in paragraph at lines 37--37
\OT1/cmr/m/n/10 ent
 []


Overfull \hbox (17.86113pt too wide) in paragraph at lines 37--37
\OT1/cmr/m/n/10 user
 []


Overfull \hbox (16.16666pt too wide) in paragraph at lines 37--37
\OT1/cmr/m/n/10 sce-
 []


Overfull \hbox (17.80559pt too wide) in paragraph at lines 37--37
\OT1/cmr/m/n/10 nar-
 []


Overfull \hbox (11.72224pt too wide) in paragraph at lines 37--37
\OT1/cmr/m/n/10 ios
 []


Overfull \hbox (13.33334pt too wide) in paragraph at lines 37--37
\OT1/cmr/m/n/10 de-
 []


Overfull \hbox (30.91672pt too wide) in paragraph at lines 37--37
\OT1/cmr/m/n/10 scribed
 []


Overfull \hbox (8.33336pt too wide) in paragraph at lines 37--37
\OT1/cmr/m/n/10 in
 []


Overfull \hbox (13.88892pt too wide) in paragraph at lines 37--37
\OT1/cmr/m/n/10 the
 []


Overfull \hbox (17.30559pt too wide) in paragraph at lines 37--37
\OT1/cmr/m/n/10 first
 []


Overfull \hbox (22.27782pt too wide) in paragraph at lines 37--37
\OT1/cmr/m/n/10 stage
 []


Overfull \hbox (8.05559pt too wide) in paragraph at lines 37--37
\OT1/cmr/m/n/10 of
 []


Overfull \hbox (13.88892pt too wide) in paragraph at lines 37--37
\OT1/cmr/m/n/10 the
 []


Overfull \hbox (37.52785pt too wide) in paragraph at lines 37--37
\OT1/cmr/m/n/10 project). 
 []


Overfull \hbox (7.50002pt too wide) in paragraph at lines 37--37
\OT1/cmr/m/n/10 A
 []


Overfull \hbox (13.33334pt too wide) in paragraph at lines 37--37
\OT1/cmr/m/n/10 de-
 []


Overfull \hbox (24.4445pt too wide) in paragraph at lines 37--37
\OT1/cmr/m/n/10 tailed
 []


Overfull \hbox (13.33334pt too wide) in paragraph at lines 37--37
\OT1/cmr/m/n/10 de-
 []


Overfull \hbox (23.97224pt too wide) in paragraph at lines 37--37
\OT1/cmr/m/n/10 scrip-
 []


Overfull \hbox (17.22227pt too wide) in paragraph at lines 37--37
\OT1/cmr/m/n/10 tion
 []


Overfull \hbox (16.11116pt too wide) in paragraph at lines 37--37
\OT1/cmr/m/n/10 and
 []


Overfull \hbox (15.88892pt too wide) in paragraph at lines 37--37
\OT1/cmr/m/n/10 jus-
 []


Overfull \hbox (10.00002pt too wide) in paragraph at lines 37--37
\OT1/cmr/m/n/10 ti-
 []


Overfull \hbox (8.8889pt too wide) in paragraph at lines 37--37
\OT1/cmr/m/n/10 fi-
 []


Overfull \hbox (12.77779pt too wide) in paragraph at lines 37--37
\OT1/cmr/m/n/10 ca-
 []


Overfull \hbox (17.22227pt too wide) in paragraph at lines 37--37
\OT1/cmr/m/n/10 tion
 []


Overfull \hbox (8.05559pt too wide) in paragraph at lines 37--37
\OT1/cmr/m/n/10 of
 []


Overfull \hbox (13.88892pt too wide) in paragraph at lines 37--37
\OT1/cmr/m/n/10 the
 []


Overfull \hbox (11.66669pt too wide) in paragraph at lines 37--37
\OT1/cmr/m/n/10 in-
 []


Overfull \hbox (28.91673pt too wide) in paragraph at lines 37--37
\OT1/cmr/m/n/10 tegrity
 []


Overfull \hbox (18.33336pt too wide) in paragraph at lines 37--37
\OT1/cmr/m/n/10 con-
 []


Overfull \hbox (32.63895pt too wide) in paragraph at lines 37--37
\OT1/cmr/m/n/10 straints
 []


Overfull \hbox (13.33334pt too wide) in paragraph at lines 37--37
\OT1/cmr/m/n/10 de-
 []


Overfull \hbox (21.11116pt too wide) in paragraph at lines 37--37
\OT1/cmr/m/n/10 fined
 []


Overfull \hbox (8.33336pt too wide) in paragraph at lines 37--37
\OT1/cmr/m/n/10 in
 []


Overfull \hbox (13.88892pt too wide) in paragraph at lines 37--37
\OT1/cmr/m/n/10 the
 []


Overfull \hbox (16.94447pt too wide) in paragraph at lines 37--37
\OT1/cmr/m/n/10 ER. 
 []


Overfull \hbox (27.4167pt too wide) in paragraph at lines 37--37
\OT1/cmr/m/n/10 Please
 []


Overfull \hbox (11.66669pt too wide) in paragraph at lines 37--37
\OT1/cmr/m/n/10 in-
 []


Overfull \hbox (16.19446pt too wide) in paragraph at lines 37--37
\OT1/cmr/m/n/10 sert
 []


Overfull \hbox (19.47227pt too wide) in paragraph at lines 37--37
\OT1/cmr/m/n/10 your
 []


Overfull \hbox (13.33334pt too wide) in paragraph at lines 37--37
\OT1/cmr/m/n/10 de-
 []


Overfull \hbox (14.1667pt too wide) in paragraph at lines 37--37
\OT1/cmr/m/n/10 liv-
 []


Overfull \hbox (11.69444pt too wide) in paragraph at lines 37--37
\OT1/cmr/m/n/10 er-
 []


Overfull \hbox (21.72226pt too wide) in paragraph at lines 37--37
\OT1/cmr/m/n/10 ables
 []


Overfull \hbox (11.97226pt too wide) in paragraph at lines 37--37
\OT1/cmr/m/n/10 for
 []


Overfull \hbox (28.88896pt too wide) in paragraph at lines 37--37
\OT1/cmr/m/n/10 Stage2
 []


Overfull \hbox (8.94446pt too wide) in paragraph at lines 37--37
\OT1/cmr/m/n/10 as
 []


Overfull \hbox (14.1667pt too wide) in paragraph at lines 37--37
\OT1/cmr/m/n/10 fol-
 []


Overfull \hbox (21.44447pt too wide) in paragraph at lines 37--37
\OT1/cmr/m/n/10 lows: 
 []


Overfull \hbox (17.22224pt too wide) in paragraph at lines 37--37
\OT1/cmr/m/n/10 The
 []


Overfull \hbox (11.69444pt too wide) in paragraph at lines 37--37
\OT1/cmr/m/n/10 re-
 []


Overfull \hbox (11.11113pt too wide) in paragraph at lines 37--37
\OT1/cmr/m/n/10 la-
 []


Overfull \hbox (17.22227pt too wide) in paragraph at lines 37--37
\OT1/cmr/m/n/10 tion
 []


Overfull \hbox (23.3334pt too wide) in paragraph at lines 37--37
\OT1/cmr/m/n/10 along
 []


Overfull \hbox (19.44449pt too wide) in paragraph at lines 37--37
\OT1/cmr/m/n/10 with
 []


Overfull \hbox (13.88892pt too wide) in paragraph at lines 37--37
\OT1/cmr/m/n/10 the
 []


Overfull \hbox (12.22224pt too wide) in paragraph at lines 37--37
\OT1/cmr/m/n/10 at-
 []


Overfull \hbox (33.97229pt too wide) in paragraph at lines 37--37
\OT1/cmr/m/n/10 tributes
 []


Overfull \hbox (18.3334pt too wide) in paragraph at lines 37--37
\OT1/cmr/m/n/10 look
 []


Overfull \hbox (17.77782pt too wide) in paragraph at lines 37--37
\OT1/cmr/m/n/10 like:
 []


Overfull \hbox (27.4167pt too wide) in paragraph at lines 37--37
\OT1/cmr/m/n/10 Please
 []


Overfull \hbox (11.66669pt too wide) in paragraph at lines 37--37
\OT1/cmr/m/n/10 in-
 []


Overfull \hbox (16.19446pt too wide) in paragraph at lines 37--37
\OT1/cmr/m/n/10 sert
 []


Overfull \hbox (13.88892pt too wide) in paragraph at lines 37--37
\OT1/cmr/m/n/10 the
 []


Overfull \hbox (11.69444pt too wide) in paragraph at lines 37--37
\OT1/cmr/m/n/10 re-
 []


Overfull \hbox (11.11113pt too wide) in paragraph at lines 37--37
\OT1/cmr/m/n/10 la-
 []


Overfull \hbox (17.22227pt too wide) in paragraph at lines 37--37
\OT1/cmr/m/n/10 tion
 []


Overfull \hbox (19.44449pt too wide) in paragraph at lines 37--37
\OT1/cmr/m/n/10 with
 []


Overfull \hbox (13.88892pt too wide) in paragraph at lines 37--37
\OT1/cmr/m/n/10 the
 []


Overfull \hbox (12.22224pt too wide) in paragraph at lines 37--37
\OT1/cmr/m/n/10 at-
 []


Overfull \hbox (33.97229pt too wide) in paragraph at lines 37--37
\OT1/cmr/m/n/10 tributes
 []


Overfull \hbox (8.33336pt too wide) in paragraph at lines 37--37
\OT1/cmr/m/n/10 in
 []


Overfull \hbox (21.13892pt too wide) in paragraph at lines 37--37
\OT1/cmr/m/n/10 here. 
 []


Overfull \hbox (17.22224pt too wide) in paragraph at lines 37--37
\OT1/cmr/m/n/10 The
 []


Overfull \hbox (13.33334pt too wide) in paragraph at lines 37--37
\OT1/cmr/m/n/10 de-
 []


Overfull \hbox (23.97224pt too wide) in paragraph at lines 37--37
\OT1/cmr/m/n/10 scrip-
 []


Overfull \hbox (17.22227pt too wide) in paragraph at lines 37--37
\OT1/cmr/m/n/10 tion
 []


Overfull \hbox (11.69444pt too wide) in paragraph at lines 37--37
\OT1/cmr/m/n/10 re-
 []


Overfull \hbox (15.00003pt too wide) in paragraph at lines 37--37
\OT1/cmr/m/n/10 lat-
 []


Overfull \hbox (13.33337pt too wide) in paragraph at lines 37--37
\OT1/cmr/m/n/10 ing
 []


Overfull \hbox (16.1667pt too wide) in paragraph at lines 37--37
\OT1/cmr/m/n/10 this
 []


Overfull \hbox (14.16669pt too wide) in paragraph at lines 37--37
\OT1/cmr/m/n/10 ER
 []


Overfull \hbox (18.36116pt too wide) in paragraph at lines 37--37
\OT1/cmr/m/n/10 part
 []


Overfull \hbox (15.58334pt too wide) in paragraph at lines 37--37
\OT1/cmr/m/n/10 (re-
 []


Overfull \hbox (11.11113pt too wide) in paragraph at lines 37--37
\OT1/cmr/m/n/10 la-
 []


Overfull \hbox (21.11118pt too wide) in paragraph at lines 37--37
\OT1/cmr/m/n/10 tion)
 []


Overfull \hbox (8.94446pt too wide) in paragraph at lines 37--37
\OT1/cmr/m/n/10 as
 []


Overfull \hbox (6.66669pt too wide) in paragraph at lines 37--37
\OT1/cmr/m/n/10 it
 []


Overfull \hbox (16.69446pt too wide) in paragraph at lines 37--37
\OT1/cmr/m/n/10 cor-
 []


Overfull \hbox (11.69444pt too wide) in paragraph at lines 37--37
\OT1/cmr/m/n/10 re-
 []


Overfull \hbox (29.8334pt too wide) in paragraph at lines 37--37
\OT1/cmr/m/n/10 sponds
 []


Overfull \hbox (8.88892pt too wide) in paragraph at lines 37--37
\OT1/cmr/m/n/10 to
 []


Overfull \hbox (15.00003pt too wide) in paragraph at lines 37--37
\OT1/cmr/m/n/10 one
 []


Overfull \hbox (8.91669pt too wide) in paragraph at lines 37--37
\OT1/cmr/m/n/10 or
 []


Overfull \hbox (21.69449pt too wide) in paragraph at lines 37--37
\OT1/cmr/m/n/10 more
 []


Overfull \hbox (17.86113pt too wide) in paragraph at lines 37--37
\OT1/cmr/m/n/10 user
 []


Overfull \hbox (16.16666pt too wide) in paragraph at lines 37--37
\OT1/cmr/m/n/10 sce-
 []


Overfull \hbox (36.75009pt too wide) in paragraph at lines 37--37
\OT1/cmr/m/n/10 nario(s):
 []


Overfull \hbox (27.4167pt too wide) in paragraph at lines 37--37
\OT1/cmr/m/n/10 Please
 []


Overfull \hbox (11.66669pt too wide) in paragraph at lines 37--37
\OT1/cmr/m/n/10 in-
 []


Overfull \hbox (16.19446pt too wide) in paragraph at lines 37--37
\OT1/cmr/m/n/10 sert
 []


Overfull \hbox (13.88892pt too wide) in paragraph at lines 37--37
\OT1/cmr/m/n/10 the
 []


Overfull \hbox (13.33334pt too wide) in paragraph at lines 37--37
\OT1/cmr/m/n/10 de-
 []


Overfull \hbox (23.97224pt too wide) in paragraph at lines 37--37
\OT1/cmr/m/n/10 scrip-
 []


Overfull \hbox (17.22227pt too wide) in paragraph at lines 37--37
\OT1/cmr/m/n/10 tion
 []


Overfull \hbox (11.69444pt too wide) in paragraph at lines 37--37
\OT1/cmr/m/n/10 re-
 []


Overfull \hbox (15.00003pt too wide) in paragraph at lines 37--37
\OT1/cmr/m/n/10 lat-
 []


Overfull \hbox (13.33337pt too wide) in paragraph at lines 37--37
\OT1/cmr/m/n/10 ing
 []


Overfull \hbox (16.1667pt too wide) in paragraph at lines 37--37
\OT1/cmr/m/n/10 this
 []


Overfull \hbox (14.16669pt too wide) in paragraph at lines 37--37
\OT1/cmr/m/n/10 ER
 []


Overfull \hbox (18.36116pt too wide) in paragraph at lines 37--37
\OT1/cmr/m/n/10 part
 []


Overfull \hbox (8.88892pt too wide) in paragraph at lines 37--37
\OT1/cmr/m/n/10 to
 []


Overfull \hbox (17.86113pt too wide) in paragraph at lines 37--37
\OT1/cmr/m/n/10 user
 []


Overfull \hbox (16.16666pt too wide) in paragraph at lines 37--37
\OT1/cmr/m/n/10 sce-
 []


Overfull \hbox (36.75009pt too wide) in paragraph at lines 37--37
\OT1/cmr/m/n/10 nario(s),
 []


Overfull \hbox (8.33336pt too wide) in paragraph at lines 37--37
\OT1/cmr/m/n/10 in
 []


Overfull \hbox (21.13892pt too wide) in paragraph at lines 37--37
\OT1/cmr/m/n/10 here. 
 []


Overfull \hbox (27.4167pt too wide) in paragraph at lines 37--37
\OT1/cmr/m/n/10 Please
 []


Overfull \hbox (11.69444pt too wide) in paragraph at lines 37--37
\OT1/cmr/m/n/10 re-
 []


Overfull \hbox (19.16672pt too wide) in paragraph at lines 37--37
\OT1/cmr/m/n/10 peat
 []


Overfull \hbox (18.33339pt too wide) in paragraph at lines 37--37
\OT1/cmr/m/n/10 that
 []


Overfull \hbox (17.77782pt too wide) in paragraph at lines 37--37
\OT1/cmr/m/n/10 pat-
 []


Overfull \hbox (17.80559pt too wide) in paragraph at lines 37--37
\OT1/cmr/m/n/10 tern
 []


Overfull \hbox (11.97226pt too wide) in paragraph at lines 37--37
\OT1/cmr/m/n/10 for
 []


Overfull \hbox (19.16669pt too wide) in paragraph at lines 37--37
\OT1/cmr/m/n/10 each
 []


Overfull \hbox (11.69444pt too wide) in paragraph at lines 37--37
\OT1/cmr/m/n/10 re-
 []


Overfull \hbox (11.11113pt too wide) in paragraph at lines 37--37
\OT1/cmr/m/n/10 la-
 []


Overfull \hbox (20.00006pt too wide) in paragraph at lines 37--37
\OT1/cmr/m/n/10 tion. 
 []


Overfull \hbox (17.22224pt too wide) in paragraph at lines 37--37
\OT1/cmr/m/n/10 The
 []


Overfull \hbox (14.16669pt too wide) in paragraph at lines 37--37
\OT1/cmr/m/n/10 ER
 []


Overfull \hbox (11.66669pt too wide) in paragraph at lines 37--37
\OT1/cmr/m/n/10 di-
 []


Overfull \hbox (8.33334pt too wide) in paragraph at lines 37--37
\OT1/cmr/m/n/10 a-
 []


Overfull \hbox (22.25006pt too wide) in paragraph at lines 37--37
\OT1/cmr/m/n/10 gram
 []


Overfull \hbox (8.33336pt too wide) in paragraph at lines 37--37
\OT1/cmr/m/n/10 in
 []


Overfull \hbox (10.61113pt too wide) in paragraph at lines 37--37
\OT1/cmr/m/n/10 its
 []


Overfull \hbox (13.33334pt too wide) in paragraph at lines 37--37
\OT1/cmr/m/n/10 en-
 []


Overfull \hbox (26.6945pt too wide) in paragraph at lines 37--37
\OT1/cmr/m/n/10 tirety:
 []


Overfull \hbox (27.4167pt too wide) in paragraph at lines 37--37
\OT1/cmr/m/n/10 Please
 []


Overfull \hbox (11.66669pt too wide) in paragraph at lines 37--37
\OT1/cmr/m/n/10 in-
 []


Overfull \hbox (16.19446pt too wide) in paragraph at lines 37--37
\OT1/cmr/m/n/10 sert
 []


Overfull \hbox (13.88892pt too wide) in paragraph at lines 37--37
\OT1/cmr/m/n/10 the
 []


Overfull \hbox (14.16669pt too wide) in paragraph at lines 37--37
\OT1/cmr/m/n/10 ER
 []


Overfull \hbox (11.66669pt too wide) in paragraph at lines 37--37
\OT1/cmr/m/n/10 di-
 []


Overfull \hbox (8.33334pt too wide) in paragraph at lines 37--37
\OT1/cmr/m/n/10 a-
 []


Overfull \hbox (22.25006pt too wide) in paragraph at lines 37--37
\OT1/cmr/m/n/10 gram
 []


Overfull \hbox (8.33336pt too wide) in paragraph at lines 37--37
\OT1/cmr/m/n/10 in
 []


Overfull \hbox (21.13892pt too wide) in paragraph at lines 37--37
\OT1/cmr/m/n/10 here. 
 []


Overfull \hbox (17.22224pt too wide) in paragraph at lines 37--37
\OT1/cmr/m/n/10 The
 []


Overfull \hbox (14.16669pt too wide) in paragraph at lines 37--37
\OT1/cmr/m/n/10 ER
 []


Overfull \hbox (11.66669pt too wide) in paragraph at lines 37--37
\OT1/cmr/m/n/10 di-
 []


Overfull \hbox (8.33334pt too wide) in paragraph at lines 37--37
\OT1/cmr/m/n/10 a-
 []


Overfull \hbox (22.25006pt too wide) in paragraph at lines 37--37
\OT1/cmr/m/n/10 gram
 []


Overfull \hbox (13.33334pt too wide) in paragraph at lines 37--37
\OT1/cmr/m/n/10 de-
 []


Overfull \hbox (23.97224pt too wide) in paragraph at lines 37--37
\OT1/cmr/m/n/10 scrip-
 []


Overfull \hbox (17.22227pt too wide) in paragraph at lines 37--37
\OT1/cmr/m/n/10 tion
 []


Overfull \hbox (20.58336pt too wide) in paragraph at lines 37--37
\OT1/cmr/m/n/10 (cor-
 []


Overfull \hbox (11.69444pt too wide) in paragraph at lines 37--37
\OT1/cmr/m/n/10 re-
 []


Overfull \hbox (29.22229pt too wide) in paragraph at lines 37--37
\OT1/cmr/m/n/10 spond-
 []


Overfull \hbox (13.33337pt too wide) in paragraph at lines 37--37
\OT1/cmr/m/n/10 ing
 []


Overfull \hbox (8.88892pt too wide) in paragraph at lines 37--37
\OT1/cmr/m/n/10 to
 []


Overfull \hbox (13.88892pt too wide) in paragraph at lines 37--37
\OT1/cmr/m/n/10 the
 []


Overfull \hbox (17.86113pt too wide) in paragraph at lines 37--37
\OT1/cmr/m/n/10 user
 []


Overfull \hbox (16.16666pt too wide) in paragraph at lines 37--37
\OT1/cmr/m/n/10 sce-
 []


Overfull \hbox (17.80559pt too wide) in paragraph at lines 37--37
\OT1/cmr/m/n/10 nar-
 []


Overfull \hbox (18.38893pt too wide) in paragraph at lines 37--37
\OT1/cmr/m/n/10 ios):
 []


Overfull \hbox (27.4167pt too wide) in paragraph at lines 37--37
\OT1/cmr/m/n/10 Please
 []


Overfull \hbox (11.66669pt too wide) in paragraph at lines 37--37
\OT1/cmr/m/n/10 in-
 []


Overfull \hbox (16.19446pt too wide) in paragraph at lines 37--37
\OT1/cmr/m/n/10 sert
 []


Overfull \hbox (13.88892pt too wide) in paragraph at lines 37--37
\OT1/cmr/m/n/10 the
 []


Overfull \hbox (14.16669pt too wide) in paragraph at lines 37--37
\OT1/cmr/m/n/10 ER
 []


Overfull \hbox (11.66669pt too wide) in paragraph at lines 37--37
\OT1/cmr/m/n/10 di-
 []


Overfull \hbox (8.33334pt too wide) in paragraph at lines 37--37
\OT1/cmr/m/n/10 a-
 []


Overfull \hbox (22.25006pt too wide) in paragraph at lines 37--37
\OT1/cmr/m/n/10 gram
 []


Overfull \hbox (13.33334pt too wide) in paragraph at lines 37--37
\OT1/cmr/m/n/10 de-
 []


Overfull \hbox (23.97224pt too wide) in paragraph at lines 37--37
\OT1/cmr/m/n/10 scrip-
 []


Overfull \hbox (17.22227pt too wide) in paragraph at lines 37--37
\OT1/cmr/m/n/10 tion
 []


Overfull \hbox (8.33336pt too wide) in paragraph at lines 37--37
\OT1/cmr/m/n/10 in
 []


Overfull \hbox (21.13892pt too wide) in paragraph at lines 37--37
\OT1/cmr/m/n/10 here. 
 []


Overfull \hbox (17.22224pt too wide) in paragraph at lines 37--37
\OT1/cmr/m/n/10 The
 []


Overfull \hbox (11.66669pt too wide) in paragraph at lines 37--37
\OT1/cmr/m/n/10 in-
 []


Overfull \hbox (28.91673pt too wide) in paragraph at lines 37--37
\OT1/cmr/m/n/10 tegrity
 []


Overfull \hbox (18.33336pt too wide) in paragraph at lines 37--37
\OT1/cmr/m/n/10 con-
 []


Overfull \hbox (32.63895pt too wide) in paragraph at lines 37--37
\OT1/cmr/m/n/10 straints
 []


Overfull \hbox (13.33334pt too wide) in paragraph at lines 37--37
\OT1/cmr/m/n/10 de-
 []


Overfull \hbox (21.11116pt too wide) in paragraph at lines 37--37
\OT1/cmr/m/n/10 fined
 []


Overfull \hbox (8.33336pt too wide) in paragraph at lines 37--37
\OT1/cmr/m/n/10 in
 []


Overfull \hbox (13.88892pt too wide) in paragraph at lines 37--37
\OT1/cmr/m/n/10 the
 []


Overfull \hbox (14.16669pt too wide) in paragraph at lines 37--37
\OT1/cmr/m/n/10 ER
 []


Overfull \hbox (11.66669pt too wide) in paragraph at lines 37--37
\OT1/cmr/m/n/10 di-
 []


Overfull \hbox (8.33334pt too wide) in paragraph at lines 37--37
\OT1/cmr/m/n/10 a-
 []


Overfull \hbox (25.02785pt too wide) in paragraph at lines 37--37
\OT1/cmr/m/n/10 gram:
 []


Overfull \hbox (27.4167pt too wide) in paragraph at lines 37--37
\OT1/cmr/m/n/10 Please
 []


Overfull \hbox (11.66669pt too wide) in paragraph at lines 37--37
\OT1/cmr/m/n/10 in-
 []


Overfull \hbox (16.19446pt too wide) in paragraph at lines 37--37
\OT1/cmr/m/n/10 sert
 []


Overfull \hbox (13.88892pt too wide) in paragraph at lines 37--37
\OT1/cmr/m/n/10 the
 []


Overfull \hbox (11.66669pt too wide) in paragraph at lines 37--37
\OT1/cmr/m/n/10 in-
 []


Overfull \hbox (28.91673pt too wide) in paragraph at lines 37--37
\OT1/cmr/m/n/10 tegrity
 []


Overfull \hbox (18.33336pt too wide) in paragraph at lines 37--37
\OT1/cmr/m/n/10 con-
 []


Overfull \hbox (32.63895pt too wide) in paragraph at lines 37--37
\OT1/cmr/m/n/10 straints
 []


Overfull \hbox (8.33336pt too wide) in paragraph at lines 37--37
\OT1/cmr/m/n/10 in
 []


Overfull \hbox (21.13892pt too wide) in paragraph at lines 37--37
\OT1/cmr/m/n/10 here: 
 []


Overfull \hbox (37.80563pt too wide) in paragraph at lines 37--37
\OT1/cmr/m/n/10 Integrity
 []


Overfull \hbox (21.11115pt too wide) in paragraph at lines 37--37
\OT1/cmr/m/n/10 Con-
 []


Overfull \hbox (31.47229pt too wide) in paragraph at lines 37--37
\OT1/cmr/m/n/10 straint:
 []


Overfull \hbox (27.4167pt too wide) in paragraph at lines 37--37
\OT1/cmr/m/n/10 Please
 []


Overfull \hbox (11.66669pt too wide) in paragraph at lines 37--37
\OT1/cmr/m/n/10 in-
 []


Overfull \hbox (16.19446pt too wide) in paragraph at lines 37--37
\OT1/cmr/m/n/10 sert
 []


Overfull \hbox (13.88892pt too wide) in paragraph at lines 37--37
\OT1/cmr/m/n/10 the
 []


Overfull \hbox (17.30559pt too wide) in paragraph at lines 37--37
\OT1/cmr/m/n/10 first
 []


Overfull \hbox (11.66669pt too wide) in paragraph at lines 37--37
\OT1/cmr/m/n/10 in-
 []


Overfull \hbox (28.91673pt too wide) in paragraph at lines 37--37
\OT1/cmr/m/n/10 tegrity
 []


Overfull \hbox (18.33336pt too wide) in paragraph at lines 37--37
\OT1/cmr/m/n/10 con-
 []


Overfull \hbox (28.6945pt too wide) in paragraph at lines 37--37
\OT1/cmr/m/n/10 straint
 []


Overfull \hbox (8.33336pt too wide) in paragraph at lines 37--37
\OT1/cmr/m/n/10 in
 []


Overfull \hbox (21.13892pt too wide) in paragraph at lines 37--37
\OT1/cmr/m/n/10 here. 
 []


Overfull \hbox (17.22224pt too wide) in paragraph at lines 37--37
\OT1/cmr/m/n/10 The
 []


Overfull \hbox (13.33334pt too wide) in paragraph at lines 37--37
\OT1/cmr/m/n/10 de-
 []


Overfull \hbox (23.97224pt too wide) in paragraph at lines 37--37
\OT1/cmr/m/n/10 scrip-
 []


Overfull \hbox (17.22227pt too wide) in paragraph at lines 37--37
\OT1/cmr/m/n/10 tion
 []


Overfull \hbox (16.11116pt too wide) in paragraph at lines 37--37
\OT1/cmr/m/n/10 and
 []


Overfull \hbox (15.88892pt too wide) in paragraph at lines 37--37
\OT1/cmr/m/n/10 jus-
 []


Overfull \hbox (10.00002pt too wide) in paragraph at lines 37--37
\OT1/cmr/m/n/10 ti-
 []


Overfull \hbox (8.8889pt too wide) in paragraph at lines 37--37
\OT1/cmr/m/n/10 fi-
 []


Overfull \hbox (12.77779pt too wide) in paragraph at lines 37--37
\OT1/cmr/m/n/10 ca-
 []


Overfull \hbox (17.22227pt too wide) in paragraph at lines 37--37
\OT1/cmr/m/n/10 tion
 []


Overfull \hbox (8.05559pt too wide) in paragraph at lines 37--37
\OT1/cmr/m/n/10 of
 []


Overfull \hbox (13.88892pt too wide) in paragraph at lines 37--37
\OT1/cmr/m/n/10 the
 []


Overfull \hbox (11.66669pt too wide) in paragraph at lines 37--37
\OT1/cmr/m/n/10 in-
 []


Overfull \hbox (28.91673pt too wide) in paragraph at lines 37--37
\OT1/cmr/m/n/10 tegrity
 []


Overfull \hbox (18.33336pt too wide) in paragraph at lines 37--37
\OT1/cmr/m/n/10 con-
 []


Overfull \hbox (31.47229pt too wide) in paragraph at lines 37--37
\OT1/cmr/m/n/10 straint:
 []


Overfull \hbox (27.4167pt too wide) in paragraph at lines 37--37
\OT1/cmr/m/n/10 Please
 []


Overfull \hbox (11.66669pt too wide) in paragraph at lines 37--37
\OT1/cmr/m/n/10 in-
 []


Overfull \hbox (16.19446pt too wide) in paragraph at lines 37--37
\OT1/cmr/m/n/10 sert
 []


Overfull \hbox (13.88892pt too wide) in paragraph at lines 37--37
\OT1/cmr/m/n/10 the
 []


Overfull \hbox (13.33334pt too wide) in paragraph at lines 37--37
\OT1/cmr/m/n/10 de-
 []


Overfull \hbox (23.97224pt too wide) in paragraph at lines 37--37
\OT1/cmr/m/n/10 scrip-
 []


Overfull \hbox (17.22227pt too wide) in paragraph at lines 37--37
\OT1/cmr/m/n/10 tion
 []


Overfull \hbox (16.11116pt too wide) in paragraph at lines 37--37
\OT1/cmr/m/n/10 and
 []


Overfull \hbox (15.88892pt too wide) in paragraph at lines 37--37
\OT1/cmr/m/n/10 jus-
 []


Overfull \hbox (10.00002pt too wide) in paragraph at lines 37--37
\OT1/cmr/m/n/10 ti-
 []


Overfull \hbox (8.8889pt too wide) in paragraph at lines 37--37
\OT1/cmr/m/n/10 fi-
 []


Overfull \hbox (12.77779pt too wide) in paragraph at lines 37--37
\OT1/cmr/m/n/10 ca-
 []


Overfull \hbox (17.22227pt too wide) in paragraph at lines 37--37
\OT1/cmr/m/n/10 tion
 []


Overfull \hbox (8.05559pt too wide) in paragraph at lines 37--37
\OT1/cmr/m/n/10 of
 []


Overfull \hbox (13.88892pt too wide) in paragraph at lines 37--37
\OT1/cmr/m/n/10 the
 []


Overfull \hbox (17.30559pt too wide) in paragraph at lines 37--37
\OT1/cmr/m/n/10 first
 []


Overfull \hbox (11.66669pt too wide) in paragraph at lines 37--37
\OT1/cmr/m/n/10 in-
 []


Overfull \hbox (28.91673pt too wide) in paragraph at lines 37--37
\OT1/cmr/m/n/10 tegrity
 []


Overfull \hbox (18.33336pt too wide) in paragraph at lines 37--37
\OT1/cmr/m/n/10 con-
 []


Overfull \hbox (32.63895pt too wide) in paragraph at lines 37--37
\OT1/cmr/m/n/10 straints
 []


Overfull \hbox (8.33336pt too wide) in paragraph at lines 37--37
\OT1/cmr/m/n/10 in
 []


Overfull \hbox (21.13892pt too wide) in paragraph at lines 37--37
\OT1/cmr/m/n/10 here. 
 []


Overfull \hbox (27.4167pt too wide) in paragraph at lines 37--37
\OT1/cmr/m/n/10 Please
 []


Overfull \hbox (11.69444pt too wide) in paragraph at lines 37--37
\OT1/cmr/m/n/10 re-
 []


Overfull \hbox (19.16672pt too wide) in paragraph at lines 37--37
\OT1/cmr/m/n/10 peat
 []


Overfull \hbox (18.33339pt too wide) in paragraph at lines 37--37
\OT1/cmr/m/n/10 that
 []


Overfull \hbox (17.77782pt too wide) in paragraph at lines 37--37
\OT1/cmr/m/n/10 pat-
 []


Overfull \hbox (17.80559pt too wide) in paragraph at lines 37--37
\OT1/cmr/m/n/10 tern
 []


Overfull \hbox (11.97226pt too wide) in paragraph at lines 37--37
\OT1/cmr/m/n/10 for
 []


Overfull \hbox (19.16669pt too wide) in paragraph at lines 37--37
\OT1/cmr/m/n/10 each
 []


Overfull \hbox (11.66669pt too wide) in paragraph at lines 37--37
\OT1/cmr/m/n/10 in-
 []


Overfull \hbox (28.91673pt too wide) in paragraph at lines 37--37
\OT1/cmr/m/n/10 tegrity
 []


Overfull \hbox (18.33336pt too wide) in paragraph at lines 37--37
\OT1/cmr/m/n/10 con-
 []


Overfull \hbox (31.47229pt too wide) in paragraph at lines 37--37
\OT1/cmr/m/n/10 straint. 
 []

)
! Emergency stop.
<*> Stage2.tex
              
*** (job aborted, no legal \end found)

 
Here is how much of TeX's memory you used:
 14 strings out of 493921
 290 string characters out of 3144873
 62915 words of memory out of 3000000
 3405 multiletter control sequences out of 15000+200000
 3640 words of font info for 14 fonts, out of 3000000 for 9000
 841 hyphenation exceptions out of 8191
 16i,4n,15p,207b,184s stack positions out of 5000i,500n,10000p,200000b,50000s
!  ==> Fatal error occurred, no output PDF file produced!
